TpTrace Verbose: 0 : 14080, 1, 2024/04/24, 11:40:35.468, 3316057553101, vstest.console.dll, Version: 17.9.0-release-24072-02 Current process architecture: X64
TpTrace Verbose: 0 : 14080, 1, 2024/04/24, 11:40:35.473, 3316057608854, vstest.console.dll, Runtime location: C:\Program Files\dotnet\shared\Microsoft.NETCore.App\8.0.4
TpTrace Verbose: 0 : 14080, 1, 2024/04/24, 11:40:35.485, 3316057723672, vstest.console.dll, ArtifactProcessingPostProcessModeProcessorExecutor.Initialize: ArtifactProcessingMode.Collect
TpTrace Verbose: 0 : 14080, 1, 2024/04/24, 11:40:35.485, 3316057725391, vstest.console.dll, TestSessionCorrelationIdProcessorModeProcessorExecutor.Initialize: TestSessionCorrelationId '3472_4e43d277-39fc-444e-b416-bf38afafad26'
TpTrace Information: 0 : 14080, 1, 2024/04/24, 11:40:35.501, 3316057885467, vstest.console.dll, FilePatternParser: The given file C:\Users\VC\Desktop\New folder\git_push\Genspark_Training\Day10\DoctorClinic\DoctorClinicInterfaceSolution\DoctorClinicBLLTest\bin\Debug\net6.0\fine-code-coverage\build-output\DoctorClinicBLLTest.dll is a full path.
TpTrace Verbose: 0 : 14080, 1, 2024/04/24, 11:40:35.526, 3316058133003, vstest.console.dll, TestPluginCache.DiscoverTestExtensions: finding test extensions in assemblies ends with: RuntimeProvider.dll TPluginInfo: Microsoft.VisualStudio.TestPlatform.Common.ExtensionFramework.Utilities.TestRuntimePluginInformation TExtension: Microsoft.VisualStudio.TestPlatform.ObjectModel.Host.ITestRuntimeProvider
TpTrace Verbose: 0 : 14080, 1, 2024/04/24, 11:40:35.528, 3316058158118, vstest.console.dll, TestPluginCache.GetExtensionPaths: Filtered extension paths: 
TpTrace Verbose: 0 : 14080, 1, 2024/04/24, 11:40:35.528, 3316058159295, vstest.console.dll, TestPluginCache.GetExtensionPaths: Added default extension paths: C:\Program Files\dotnet\sdk\8.0.204\Extensions\Microsoft.Diagnostics.NETCore.Client.dll
C:\Program Files\dotnet\sdk\8.0.204\Extensions\Microsoft.TestPlatform.Extensions.BlameDataCollector.dll
C:\Program Files\dotnet\sdk\8.0.204\Extensions\Microsoft.TestPlatform.Extensions.EventLogCollector.dll
C:\Program Files\dotnet\sdk\8.0.204\Extensions\Microsoft.TestPlatform.TestHostRuntimeProvider.dll
C:\Program Files\dotnet\sdk\8.0.204\Extensions\Microsoft.VisualStudio.TestPlatform.Extensions.Html.TestLogger.dll
C:\Program Files\dotnet\sdk\8.0.204\Extensions\Microsoft.VisualStudio.TestPlatform.Extensions.Trx.TestLogger.dll
TpTrace Verbose: 0 : 14080, 1, 2024/04/24, 11:40:35.528, 3316058159497, vstest.console.dll, TestPluginCache.GetExtensionPaths: Added unfilterableExtensionPaths: 
TpTrace Information: 0 : 14080, 1, 2024/04/24, 11:40:35.529, 3316058164108, vstest.console.dll, AssemblyResolver.ctor: Creating AssemblyResolver with searchDirectories C:\Program Files\dotnet\sdk\8.0.204\Extensions,C:\Program Files\dotnet\sdk\8.0.204
TpTrace Verbose: 0 : 14080, 1, 2024/04/24, 11:40:35.533, 3316058199592, vstest.console.dll, TestPluginCache.DiscoverTestExtensions: Discovering the extensions using extension path.
TpTrace Verbose: 0 : 14080, 1, 2024/04/24, 11:40:35.533, 3316058200902, vstest.console.dll, TestPluginCache.GetExtensionPaths: Filtered extension paths: 
TpTrace Verbose: 0 : 14080, 1, 2024/04/24, 11:40:35.533, 3316058201806, vstest.console.dll, TestPluginCache.GetExtensionPaths: Added default extension paths: C:\Program Files\dotnet\sdk\8.0.204\Extensions\Microsoft.Diagnostics.NETCore.Client.dll
C:\Program Files\dotnet\sdk\8.0.204\Extensions\Microsoft.TestPlatform.Extensions.BlameDataCollector.dll
C:\Program Files\dotnet\sdk\8.0.204\Extensions\Microsoft.TestPlatform.Extensions.EventLogCollector.dll
C:\Program Files\dotnet\sdk\8.0.204\Extensions\Microsoft.TestPlatform.TestHostRuntimeProvider.dll
C:\Program Files\dotnet\sdk\8.0.204\Extensions\Microsoft.VisualStudio.TestPlatform.Extensions.Html.TestLogger.dll
C:\Program Files\dotnet\sdk\8.0.204\Extensions\Microsoft.VisualStudio.TestPlatform.Extensions.Trx.TestLogger.dll
TpTrace Verbose: 0 : 14080, 1, 2024/04/24, 11:40:35.533, 3316058201966, vstest.console.dll, TestPluginCache.GetExtensionPaths: Added unfilterableExtensionPaths: 
TpTrace Verbose: 0 : 14080, 1, 2024/04/24, 11:40:35.533, 3316058203586, vstest.console.dll, TestPluginCache.DiscoverTestExtensions: Discovering the extensions using allExtensionPaths: C:\Program Files\dotnet\sdk\8.0.204\Extensions\Microsoft.Diagnostics.NETCore.Client.dll
C:\Program Files\dotnet\sdk\8.0.204\Extensions\Microsoft.TestPlatform.Extensions.BlameDataCollector.dll
C:\Program Files\dotnet\sdk\8.0.204\Extensions\Microsoft.TestPlatform.Extensions.EventLogCollector.dll
C:\Program Files\dotnet\sdk\8.0.204\Extensions\Microsoft.TestPlatform.TestHostRuntimeProvider.dll
C:\Program Files\dotnet\sdk\8.0.204\Extensions\Microsoft.VisualStudio.TestPlatform.Extensions.Html.TestLogger.dll
C:\Program Files\dotnet\sdk\8.0.204\Extensions\Microsoft.VisualStudio.TestPlatform.Extensions.Trx.TestLogger.dll
TpTrace Information: 0 : 14080, 1, 2024/04/24, 11:40:35.533, 3316058204658, vstest.console.dll, AssemblyResolver.AddSearchDirectories: Adding more searchDirectories C:\Program Files\dotnet\sdk\8.0.204\Extensions,C:\Program Files\dotnet\sdk\8.0.204
TpTrace Information: 0 : 14080, 1, 2024/04/24, 11:40:35.533, 3316058204942, vstest.console.dll, AssemblyResolver.AddSearchDirectories: Adding more searchDirectories C:\Program Files\dotnet\sdk\8.0.204\Extensions,C:\Program Files\dotnet\sdk\8.0.204
TpTrace Information: 0 : 14080, 1, 2024/04/24, 11:40:35.533, 3316058205129, vstest.console.dll, AssemblyResolver.AddSearchDirectories: Adding more searchDirectories C:\Program Files\dotnet\sdk\8.0.204\Extensions,C:\Program Files\dotnet\sdk\8.0.204
TpTrace Information: 0 : 14080, 1, 2024/04/24, 11:40:35.533, 3316058205271, vstest.console.dll, AssemblyResolver.AddSearchDirectories: Adding more searchDirectories C:\Program Files\dotnet\sdk\8.0.204\Extensions,C:\Program Files\dotnet\sdk\8.0.204
TpTrace Information: 0 : 14080, 1, 2024/04/24, 11:40:35.533, 3316058205408, vstest.console.dll, AssemblyResolver.AddSearchDirectories: Adding more searchDirectories C:\Program Files\dotnet\sdk\8.0.204\Extensions,C:\Program Files\dotnet\sdk\8.0.204
TpTrace Information: 0 : 14080, 1, 2024/04/24, 11:40:35.533, 3316058205558, vstest.console.dll, AssemblyResolver.AddSearchDirectories: Adding more searchDirectories C:\Program Files\dotnet\sdk\8.0.204\Extensions,C:\Program Files\dotnet\sdk\8.0.204
TpTrace Information: 0 : 14080, 1, 2024/04/24, 11:40:35.535, 3316058220474, vstest.console.dll, AssemblyResolver.OnResolve: Microsoft.Diagnostics.NETCore.Client: Resolving assembly.
TpTrace Information: 0 : 14080, 1, 2024/04/24, 11:40:35.535, 3316058222650, vstest.console.dll, AssemblyResolver.OnResolve: Microsoft.Diagnostics.NETCore.Client: Searching in: 'C:\Program Files\dotnet\sdk\8.0.204\Extensions'.
TpTrace Information: 0 : 14080, 1, 2024/04/24, 11:40:35.576, 3316058636924, vstest.console.dll, AssemblyResolver.OnResolve: Microsoft.Diagnostics.NETCore.Client: Loading assembly 'C:\Program Files\dotnet\sdk\8.0.204\Extensions\Microsoft.Diagnostics.NETCore.Client.dll'.
TpTrace Information: 0 : 14080, 1, 2024/04/24, 11:40:35.580, 3316058670831, vstest.console.dll, AssemblyResolver.OnResolve: Resolved assembly: Microsoft.Diagnostics.NETCore.Client, from path: C:\Program Files\dotnet\sdk\8.0.204\Extensions\Microsoft.Diagnostics.NETCore.Client.dll
TpTrace Verbose: 0 : 14080, 1, 2024/04/24, 11:40:35.587, 3316058740438, vstest.console.dll, MetadataReaderExtensionsHelper: Discovering extensions inside assembly 'Microsoft.Diagnostics.NETCore.Client, Version=0.2.9.2401, Culture=neutral, PublicKeyToken=31bf3856ad364e35' file path 'C:\Program Files\dotnet\sdk\8.0.204\Extensions\Microsoft.Diagnostics.NETCore.Client.dll'
TpTrace Information: 0 : 14080, 1, 2024/04/24, 11:40:35.601, 3316058882797, vstest.console.dll, AssemblyResolver.OnResolve: Microsoft.Bcl.AsyncInterfaces: Resolving assembly.
TpTrace Information: 0 : 14080, 1, 2024/04/24, 11:40:35.601, 3316058883822, vstest.console.dll, AssemblyResolver.OnResolve: Microsoft.Bcl.AsyncInterfaces: Searching in: 'C:\Program Files\dotnet\sdk\8.0.204\Extensions'.
TpTrace Information: 0 : 14080, 1, 2024/04/24, 11:40:35.601, 3316058884439, vstest.console.dll, AssemblyResolver.OnResolve: Microsoft.Bcl.AsyncInterfaces: Assembly path does not exist: 'C:\Program Files\dotnet\sdk\8.0.204\Extensions\Microsoft.Bcl.AsyncInterfaces.dll', returning.
TpTrace Information: 0 : 14080, 1, 2024/04/24, 11:40:35.601, 3316058885100, vstest.console.dll, AssemblyResolver.OnResolve: Microsoft.Bcl.AsyncInterfaces: Assembly path does not exist: 'C:\Program Files\dotnet\sdk\8.0.204\Extensions\Microsoft.Bcl.AsyncInterfaces.exe', returning.
TpTrace Information: 0 : 14080, 1, 2024/04/24, 11:40:35.601, 3316058885515, vstest.console.dll, AssemblyResolver.OnResolve: Microsoft.Bcl.AsyncInterfaces: Searching in: 'C:\Program Files\dotnet\sdk\8.0.204'.
TpTrace Information: 0 : 14080, 1, 2024/04/24, 11:40:35.601, 3316058885892, vstest.console.dll, AssemblyResolver.OnResolve: Microsoft.Bcl.AsyncInterfaces: Assembly path does not exist: 'C:\Program Files\dotnet\sdk\8.0.204\Microsoft.Bcl.AsyncInterfaces.dll', returning.
TpTrace Information: 0 : 14080, 1, 2024/04/24, 11:40:35.601, 3316058886193, vstest.console.dll, AssemblyResolver.OnResolve: Microsoft.Bcl.AsyncInterfaces: Assembly path does not exist: 'C:\Program Files\dotnet\sdk\8.0.204\Microsoft.Bcl.AsyncInterfaces.exe', returning.
TpTrace Information: 0 : 14080, 1, 2024/04/24, 11:40:35.601, 3316058886802, vstest.console.dll, AssemblyResolver.OnResolve: Microsoft.Bcl.AsyncInterfaces: Failed to load assembly.
TpTrace Verbose: 0 : 14080, 1, 2024/04/24, 11:40:35.601, 3316058887105, vstest.console.dll, CurrentDomainAssemblyResolve: Resolving assembly 'Microsoft.Bcl.AsyncInterfaces'.
TpTrace Information: 0 : 14080, 1, 2024/04/24, 11:40:35.602, 3316058893399, vstest.console.dll, AssemblyResolver.OnResolve: Microsoft.Bcl.AsyncInterfaces: Resolving assembly.
TpTrace Information: 0 : 14080, 1, 2024/04/24, 11:40:35.602, 3316058894382, vstest.console.dll, AssemblyResolver.OnResolve: Microsoft.Bcl.AsyncInterfaces: Resolved from cache.
TpTrace Verbose: 0 : 14080, 1, 2024/04/24, 11:40:35.602, 3316058894612, vstest.console.dll, CurrentDomainAssemblyResolve: Resolving assembly 'Microsoft.Bcl.AsyncInterfaces'.
TpTrace Verbose: 0 : 14080, 1, 2024/04/24, 11:40:35.602, 3316058894995, vstest.console.dll, CurrentDomainAssemblyResolve: Failed to resolve assembly 'Microsoft.Bcl.AsyncInterfaces'.
TpTrace Verbose: 0 : 14080, 1, 2024/04/24, 11:40:35.615, 3316059028233, vstest.console.dll, CurrentDomainAssemblyResolve: Failed to resolve assembly 'Microsoft.Bcl.AsyncInterfaces'.
TpTrace Warning: 0 : 14080, 1, 2024/04/24, 11:40:35.665, 3316059520208, vstest.console.dll, TestPluginDiscoverer: Failed to get types from assembly 'Microsoft.Diagnostics.NETCore.Client, Version=0.2.9.2401, Culture=neutral, PublicKeyToken=31bf3856ad364e35'. Error: System.Reflection.ReflectionTypeLoadException: Unable to load one or more of the requested types.
Could not load file or assembly 'Microsoft.Bcl.AsyncInterfaces, Version=6.0.0.0, Culture=neutral, PublicKeyToken=cc7b13ffcd2ddd51'. The system cannot find the file specified.
   at System.Reflection.RuntimeModule.GetTypes(RuntimeModule module)
   at System.Reflection.RuntimeModule.GetTypes()
   at Microsoft.VisualStudio.TestPlatform.Common.ExtensionFramework.TestPluginDiscoverer.GetTestExtensionsFromAssembly[TPluginInfo,TExtension](Assembly assembly, Dictionary`2 pluginInfos, String filePath) in /_/src/Microsoft.TestPlatform.Common/ExtensionFramework/TestPluginDiscoverer.cs:line 158
System.IO.FileNotFoundException: Could not load file or assembly 'Microsoft.Bcl.AsyncInterfaces, Version=6.0.0.0, Culture=neutral, PublicKeyToken=cc7b13ffcd2ddd51'. The system cannot find the file specified.
File name: 'Microsoft.Bcl.AsyncInterfaces, Version=6.0.0.0, Culture=neutral, PublicKeyToken=cc7b13ffcd2ddd51'
 ---> System.IO.FileNotFoundException: Could not load file or assembly 'Microsoft.Bcl.AsyncInterfaces, Culture=neutral, PublicKeyToken=null'. The system cannot find the file specified.
File name: 'Microsoft.Bcl.AsyncInterfaces, Culture=neutral, PublicKeyToken=null'
   at System.Reflection.RuntimeAssembly.InternalLoad(AssemblyName assemblyName, StackCrawlMark& stackMark, AssemblyLoadContext assemblyLoadContext, RuntimeAssembly requestingAssembly, Boolean throwOnFileNotFound)
   at System.Reflection.Assembly.Load(AssemblyName assemblyRef)
   at Microsoft.VisualStudio.TestPlatform.Common.ExtensionFramework.TestPluginCache.CurrentDomainAssemblyResolve(Object sender, AssemblyResolveEventArgs args) in /_/src/Microsoft.TestPlatform.Common/ExtensionFramework/TestPluginCache.cs:line 513
   at System.Runtime.Loader.AssemblyLoadContext.GetFirstResolvedAssemblyFromResolvingEvent(AssemblyName assemblyName)
   at System.Runtime.Loader.AssemblyLoadContext.ResolveUsingEvent(AssemblyName assemblyName)
   at System.Runtime.Loader.AssemblyLoadContext.ResolveUsingResolvingEvent(IntPtr gchManagedAssemblyLoadContext, AssemblyName assemblyName)
TpTrace Warning: 0 : 14080, 1, 2024/04/24, 11:40:35.665, 3316059526917, vstest.console.dll, LoaderExceptions: System.IO.FileNotFoundException: Could not load file or assembly 'Microsoft.Bcl.AsyncInterfaces, Version=6.0.0.0, Culture=neutral, PublicKeyToken=cc7b13ffcd2ddd51'. The system cannot find the file specified.
File name: 'Microsoft.Bcl.AsyncInterfaces, Version=6.0.0.0, Culture=neutral, PublicKeyToken=cc7b13ffcd2ddd51'
 ---> System.IO.FileNotFoundException: Could not load file or assembly 'Microsoft.Bcl.AsyncInterfaces, Culture=neutral, PublicKeyToken=null'. The system cannot find the file specified.
File name: 'Microsoft.Bcl.AsyncInterfaces, Culture=neutral, PublicKeyToken=null'
   at System.Reflection.RuntimeAssembly.InternalLoad(AssemblyName assemblyName, StackCrawlMark& stackMark, AssemblyLoadContext assemblyLoadContext, RuntimeAssembly requestingAssembly, Boolean throwOnFileNotFound)
   at System.Reflection.Assembly.Load(AssemblyName assemblyRef)
   at Microsoft.VisualStudio.TestPlatform.Common.ExtensionFramework.TestPluginCache.CurrentDomainAssemblyResolve(Object sender, AssemblyResolveEventArgs args) in /_/src/Microsoft.TestPlatform.Common/ExtensionFramework/TestPluginCache.cs:line 513
   at System.Runtime.Loader.AssemblyLoadContext.GetFirstResolvedAssemblyFromResolvingEvent(AssemblyName assemblyName)
   at System.Runtime.Loader.AssemblyLoadContext.ResolveUsingEvent(AssemblyName assemblyName)
   at System.Runtime.Loader.AssemblyLoadContext.ResolveUsingResolvingEvent(IntPtr gchManagedAssemblyLoadContext, AssemblyName assemblyName)
TpTrace Information: 0 : 14080, 1, 2024/04/24, 11:40:35.666, 3316059529761, vstest.console.dll, AssemblyResolver.OnResolve: Microsoft.TestPlatform.Extensions.BlameDataCollector: Resolving assembly.
TpTrace Information: 0 : 14080, 1, 2024/04/24, 11:40:35.666, 3316059530048, vstest.console.dll, AssemblyResolver.OnResolve: Microsoft.TestPlatform.Extensions.BlameDataCollector: Searching in: 'C:\Program Files\dotnet\sdk\8.0.204\Extensions'.
TpTrace Information: 0 : 14080, 1, 2024/04/24, 11:40:35.667, 3316059540211, vstest.console.dll, AssemblyResolver.OnResolve: Microsoft.TestPlatform.Extensions.BlameDataCollector: Loading assembly 'C:\Program Files\dotnet\sdk\8.0.204\Extensions\Microsoft.TestPlatform.Extensions.BlameDataCollector.dll'.
TpTrace Information: 0 : 14080, 1, 2024/04/24, 11:40:35.670, 3316059573078, vstest.console.dll, AssemblyResolver.OnResolve: Resolved assembly: Microsoft.TestPlatform.Extensions.BlameDataCollector, from path: C:\Program Files\dotnet\sdk\8.0.204\Extensions\Microsoft.TestPlatform.Extensions.BlameDataCollector.dll
TpTrace Verbose: 0 : 14080, 1, 2024/04/24, 11:40:35.670, 3316059574066, vstest.console.dll, MetadataReaderExtensionsHelper: Discovering extensions inside assembly 'Microsoft.TestPlatform.Extensions.BlameDataCollector, Version=15.0.0.0, Culture=neutral, PublicKeyToken=b03f5f7f11d50a3a' file path 'C:\Program Files\dotnet\sdk\8.0.204\Extensions\Microsoft.TestPlatform.Extensions.BlameDataCollector.dll'
TpTrace Information: 0 : 14080, 1, 2024/04/24, 11:40:35.672, 3316059598824, vstest.console.dll, AssemblyResolver.OnResolve: Microsoft.TestPlatform.Extensions.EventLogCollector: Resolving assembly.
TpTrace Information: 0 : 14080, 1, 2024/04/24, 11:40:35.673, 3316059600147, vstest.console.dll, AssemblyResolver.OnResolve: Microsoft.TestPlatform.Extensions.EventLogCollector: Searching in: 'C:\Program Files\dotnet\sdk\8.0.204\Extensions'.
TpTrace Information: 0 : 14080, 1, 2024/04/24, 11:40:35.674, 3316059613667, vstest.console.dll, AssemblyResolver.OnResolve: Microsoft.TestPlatform.Extensions.EventLogCollector: Loading assembly 'C:\Program Files\dotnet\sdk\8.0.204\Extensions\Microsoft.TestPlatform.Extensions.EventLogCollector.dll'.
TpTrace Information: 0 : 14080, 1, 2024/04/24, 11:40:35.675, 3316059627438, vstest.console.dll, AssemblyResolver.OnResolve: Resolved assembly: Microsoft.TestPlatform.Extensions.EventLogCollector, from path: C:\Program Files\dotnet\sdk\8.0.204\Extensions\Microsoft.TestPlatform.Extensions.EventLogCollector.dll
TpTrace Verbose: 0 : 14080, 1, 2024/04/24, 11:40:35.675, 3316059628095, vstest.console.dll, MetadataReaderExtensionsHelper: Discovering extensions inside assembly 'Microsoft.TestPlatform.Extensions.EventLogCollector, Version=15.0.0.0, Culture=neutral, PublicKeyToken=b03f5f7f11d50a3a' file path 'C:\Program Files\dotnet\sdk\8.0.204\Extensions\Microsoft.TestPlatform.Extensions.EventLogCollector.dll'
TpTrace Information: 0 : 14080, 1, 2024/04/24, 11:40:35.683, 3316059699911, vstest.console.dll, AssemblyResolver.OnResolve: Microsoft.TestPlatform.TestHostRuntimeProvider: Resolving assembly.
TpTrace Information: 0 : 14080, 1, 2024/04/24, 11:40:35.683, 3316059702070, vstest.console.dll, AssemblyResolver.OnResolve: Microsoft.TestPlatform.TestHostRuntimeProvider: Searching in: 'C:\Program Files\dotnet\sdk\8.0.204\Extensions'.
TpTrace Information: 0 : 14080, 1, 2024/04/24, 11:40:35.684, 3316059719338, vstest.console.dll, AssemblyResolver.OnResolve: Microsoft.TestPlatform.TestHostRuntimeProvider: Loading assembly 'C:\Program Files\dotnet\sdk\8.0.204\Extensions\Microsoft.TestPlatform.TestHostRuntimeProvider.dll'.
TpTrace Information: 0 : 14080, 1, 2024/04/24, 11:40:35.686, 3316059734811, vstest.console.dll, AssemblyResolver.OnResolve: Resolved assembly: Microsoft.TestPlatform.TestHostRuntimeProvider, from path: C:\Program Files\dotnet\sdk\8.0.204\Extensions\Microsoft.TestPlatform.TestHostRuntimeProvider.dll
TpTrace Verbose: 0 : 14080, 1, 2024/04/24, 11:40:35.686, 3316059736449, vstest.console.dll, MetadataReaderExtensionsHelper: Discovering extensions inside assembly 'Microsoft.TestPlatform.TestHostRuntimeProvider, Version=15.0.0.0, Culture=neutral, PublicKeyToken=b03f5f7f11d50a3a' file path 'C:\Program Files\dotnet\sdk\8.0.204\Extensions\Microsoft.TestPlatform.TestHostRuntimeProvider.dll'
TpTrace Information: 0 : 14080, 1, 2024/04/24, 11:40:35.692, 3316059790663, vstest.console.dll, GetTestExtensionFromType: Register extension with identifier data 'HostProvider://DefaultTestHost' and type 'Microsoft.VisualStudio.TestPlatform.CrossPlatEngine.Hosting.DefaultTestHostManager, Microsoft.TestPlatform.TestHostRuntimeProvider, Version=15.0.0.0, Culture=neutral, PublicKeyToken=b03f5f7f11d50a3a' inside file 'C:\Program Files\dotnet\sdk\8.0.204\Extensions\Microsoft.TestPlatform.TestHostRuntimeProvider.dll'
TpTrace Information: 0 : 14080, 1, 2024/04/24, 11:40:35.692, 3316059798892, vstest.console.dll, GetTestExtensionFromType: Register extension with identifier data 'HostProvider://DotnetTestHost' and type 'Microsoft.VisualStudio.TestPlatform.CrossPlatEngine.Hosting.DotnetTestHostManager, Microsoft.TestPlatform.TestHostRuntimeProvider, Version=15.0.0.0, Culture=neutral, PublicKeyToken=b03f5f7f11d50a3a' inside file 'C:\Program Files\dotnet\sdk\8.0.204\Extensions\Microsoft.TestPlatform.TestHostRuntimeProvider.dll'
TpTrace Information: 0 : 14080, 1, 2024/04/24, 11:40:35.693, 3316059802104, vstest.console.dll, AssemblyResolver.OnResolve: Microsoft.VisualStudio.TestPlatform.Extensions.Html.TestLogger: Resolving assembly.
TpTrace Information: 0 : 14080, 1, 2024/04/24, 11:40:35.693, 3316059803051, vstest.console.dll, AssemblyResolver.OnResolve: Microsoft.VisualStudio.TestPlatform.Extensions.Html.TestLogger: Searching in: 'C:\Program Files\dotnet\sdk\8.0.204\Extensions'.
TpTrace Information: 0 : 14080, 1, 2024/04/24, 11:40:35.695, 3316059824379, vstest.console.dll, AssemblyResolver.OnResolve: Microsoft.VisualStudio.TestPlatform.Extensions.Html.TestLogger: Loading assembly 'C:\Program Files\dotnet\sdk\8.0.204\Extensions\Microsoft.VisualStudio.TestPlatform.Extensions.Html.TestLogger.dll'.
TpTrace Information: 0 : 14080, 1, 2024/04/24, 11:40:35.697, 3316059843084, vstest.console.dll, AssemblyResolver.OnResolve: Resolved assembly: Microsoft.VisualStudio.TestPlatform.Extensions.Html.TestLogger, from path: C:\Program Files\dotnet\sdk\8.0.204\Extensions\Microsoft.VisualStudio.TestPlatform.Extensions.Html.TestLogger.dll
TpTrace Verbose: 0 : 14080, 1, 2024/04/24, 11:40:35.697, 3316059845527, vstest.console.dll, MetadataReaderExtensionsHelper: Discovering extensions inside assembly 'Microsoft.VisualStudio.TestPlatform.Extensions.Html.TestLogger, Version=15.0.0.0, Culture=neutral, PublicKeyToken=b03f5f7f11d50a3a' file path 'C:\Program Files\dotnet\sdk\8.0.204\Extensions\Microsoft.VisualStudio.TestPlatform.Extensions.Html.TestLogger.dll'
TpTrace Information: 0 : 14080, 1, 2024/04/24, 11:40:35.700, 3316059874813, vstest.console.dll, AssemblyResolver.OnResolve: Microsoft.VisualStudio.TestPlatform.Extensions.Trx.TestLogger: Resolving assembly.
TpTrace Information: 0 : 14080, 1, 2024/04/24, 11:40:35.700, 3316059876598, vstest.console.dll, AssemblyResolver.OnResolve: Microsoft.VisualStudio.TestPlatform.Extensions.Trx.TestLogger: Searching in: 'C:\Program Files\dotnet\sdk\8.0.204\Extensions'.
TpTrace Information: 0 : 14080, 1, 2024/04/24, 11:40:35.703, 3316059899720, vstest.console.dll, AssemblyResolver.OnResolve: Microsoft.VisualStudio.TestPlatform.Extensions.Trx.TestLogger: Loading assembly 'C:\Program Files\dotnet\sdk\8.0.204\Extensions\Microsoft.VisualStudio.TestPlatform.Extensions.Trx.TestLogger.dll'.
TpTrace Information: 0 : 14080, 1, 2024/04/24, 11:40:35.705, 3316059927285, vstest.console.dll, AssemblyResolver.OnResolve: Resolved assembly: Microsoft.VisualStudio.TestPlatform.Extensions.Trx.TestLogger, from path: C:\Program Files\dotnet\sdk\8.0.204\Extensions\Microsoft.VisualStudio.TestPlatform.Extensions.Trx.TestLogger.dll
TpTrace Verbose: 0 : 14080, 1, 2024/04/24, 11:40:35.706, 3316059929902, vstest.console.dll, MetadataReaderExtensionsHelper: Discovering extensions inside assembly 'Microsoft.VisualStudio.TestPlatform.Extensions.Trx.TestLogger, Version=15.0.0.0, Culture=neutral, PublicKeyToken=b03f5f7f11d50a3a' file path 'C:\Program Files\dotnet\sdk\8.0.204\Extensions\Microsoft.VisualStudio.TestPlatform.Extensions.Trx.TestLogger.dll'
TpTrace Verbose: 0 : 14080, 1, 2024/04/24, 11:40:35.710, 3316059970337, vstest.console.dll, TestPluginCache: Discovered the extensions using extension path ''.
TpTrace Verbose: 0 : 14080, 1, 2024/04/24, 11:40:35.710, 3316059973067, vstest.console.dll, TestPluginCache: Discoverers are ''.
TpTrace Verbose: 0 : 14080, 1, 2024/04/24, 11:40:35.710, 3316059973231, vstest.console.dll, TestPluginCache: Executors are ''.
TpTrace Verbose: 0 : 14080, 1, 2024/04/24, 11:40:35.710, 3316059973408, vstest.console.dll, TestPluginCache: Executors2 are ''.
TpTrace Verbose: 0 : 14080, 1, 2024/04/24, 11:40:35.710, 3316059973922, vstest.console.dll, TestPluginCache: Setting providers are ''.
TpTrace Verbose: 0 : 14080, 1, 2024/04/24, 11:40:35.710, 3316059974049, vstest.console.dll, TestPluginCache: Loggers are ''.
TpTrace Verbose: 0 : 14080, 1, 2024/04/24, 11:40:35.710, 3316059976488, vstest.console.dll, TestPluginCache: TestHosts are 'HostProvider://DefaultTestHost,HostProvider://DotnetTestHost'.
TpTrace Verbose: 0 : 14080, 1, 2024/04/24, 11:40:35.710, 3316059976773, vstest.console.dll, TestPluginCache: DataCollectors are ''.
TpTrace Information: 0 : 14080, 1, 2024/04/24, 11:40:35.760, 3316060472660, vstest.console.dll, RunTestsArgumentProcessor:Execute: Test run is starting.
TpTrace Verbose: 0 : 14080, 1, 2024/04/24, 11:40:35.760, 3316060473764, vstest.console.dll, RunTestsArgumentProcessor:Execute: Queuing Test run.
TpTrace Information: 0 : 14080, 1, 2024/04/24, 11:40:35.761, 3316060481155, vstest.console.dll, TestRequestManager.RunTests: run tests started.
TpTrace Information: 0 : 14080, 1, 2024/04/24, 11:40:35.763, 3316060499763, vstest.console.dll, AssemblyMetadataProvider.GetFrameworkName: Determined framework:'.NETCoreApp,Version=v6.0' for source: 'C:\Users\VC\Desktop\New folder\git_push\Genspark_Training\Day10\DoctorClinic\DoctorClinicInterfaceSolution\DoctorClinicBLLTest\bin\Debug\net6.0\fine-code-coverage\build-output\DoctorClinicBLLTest.dll'
TpTrace Information: 0 : 14080, 1, 2024/04/24, 11:40:35.763, 3316060503132, vstest.console.dll, Determined framework for all sources: .NETCoreApp,Version=v6.0
TpTrace Verbose: 0 : 14080, 1, 2024/04/24, 11:40:35.764, 3316060510036, vstest.console.dll, TestRequestManager.UpdateRunSettingsIfRequired: Default architecture: X64 IsDefaultTargetArchitecture: True, Current process architecture: X64 OperatingSystem: Windows.
TpTrace Information: 0 : 14080, 1, 2024/04/24, 11:40:35.766, 3316060531996, vstest.console.dll, AssemblyMetadataProvider.GetArchitecture: Determined architecture:AnyCPU info for assembly: C:\Users\VC\Desktop\New folder\git_push\Genspark_Training\Day10\DoctorClinic\DoctorClinicInterfaceSolution\DoctorClinicBLLTest\bin\Debug\net6.0\fine-code-coverage\build-output\DoctorClinicBLLTest.dll
TpTrace Information: 0 : 14080, 1, 2024/04/24, 11:40:35.766, 3316060534064, vstest.console.dll, Determined platform for source 'C:\Users\VC\Desktop\New folder\git_push\Genspark_Training\Day10\DoctorClinic\DoctorClinicInterfaceSolution\DoctorClinicBLLTest\bin\Debug\net6.0\fine-code-coverage\build-output\DoctorClinicBLLTest.dll' was AnyCPU and it will use the default plaform X64.
TpTrace Information: 0 : 14080, 1, 2024/04/24, 11:40:35.766, 3316060534401, vstest.console.dll, None of the sources provided any runnable platform, using the default platform: X64
TpTrace Information: 0 : 14080, 1, 2024/04/24, 11:40:35.766, 3316060536836, vstest.console.dll, Platform was updated to 'X64'.
TpTrace Information: 0 : 14080, 1, 2024/04/24, 11:40:35.778, 3316060659405, vstest.console.dll, InferRunSettingsHelper.IsTestSettingsEnabled: Unable to navigate to RunSettings/MSTest. Current node: RunSettings
TpTrace Information: 0 : 14080, 1, 2024/04/24, 11:40:35.780, 3316060671737, vstest.console.dll, AssemblyResolver.OnResolve: Microsoft.VisualStudio.TestPlatform.Fakes: Resolving assembly.
TpTrace Information: 0 : 14080, 1, 2024/04/24, 11:40:35.780, 3316060672507, vstest.console.dll, AssemblyResolver.OnResolve: Microsoft.VisualStudio.TestPlatform.Fakes: Searching in: 'C:\Program Files\dotnet\sdk\8.0.204\Extensions'.
TpTrace Information: 0 : 14080, 1, 2024/04/24, 11:40:35.780, 3316060673418, vstest.console.dll, AssemblyResolver.OnResolve: Microsoft.VisualStudio.TestPlatform.Fakes: Assembly path does not exist: 'C:\Program Files\dotnet\sdk\8.0.204\Extensions\Microsoft.VisualStudio.TestPlatform.Fakes.dll', returning.
TpTrace Information: 0 : 14080, 1, 2024/04/24, 11:40:35.780, 3316060673796, vstest.console.dll, AssemblyResolver.OnResolve: Microsoft.VisualStudio.TestPlatform.Fakes: Assembly path does not exist: 'C:\Program Files\dotnet\sdk\8.0.204\Extensions\Microsoft.VisualStudio.TestPlatform.Fakes.exe', returning.
TpTrace Information: 0 : 14080, 1, 2024/04/24, 11:40:35.780, 3316060674027, vstest.console.dll, AssemblyResolver.OnResolve: Microsoft.VisualStudio.TestPlatform.Fakes: Searching in: 'C:\Program Files\dotnet\sdk\8.0.204'.
TpTrace Information: 0 : 14080, 1, 2024/04/24, 11:40:35.780, 3316060674398, vstest.console.dll, AssemblyResolver.OnResolve: Microsoft.VisualStudio.TestPlatform.Fakes: Assembly path does not exist: 'C:\Program Files\dotnet\sdk\8.0.204\Microsoft.VisualStudio.TestPlatform.Fakes.dll', returning.
TpTrace Information: 0 : 14080, 1, 2024/04/24, 11:40:35.780, 3316060674699, vstest.console.dll, AssemblyResolver.OnResolve: Microsoft.VisualStudio.TestPlatform.Fakes: Assembly path does not exist: 'C:\Program Files\dotnet\sdk\8.0.204\Microsoft.VisualStudio.TestPlatform.Fakes.exe', returning.
TpTrace Information: 0 : 14080, 1, 2024/04/24, 11:40:35.780, 3316060674886, vstest.console.dll, AssemblyResolver.OnResolve: Microsoft.VisualStudio.TestPlatform.Fakes: Failed to load assembly.
TpTrace Information: 0 : 14080, 1, 2024/04/24, 11:40:35.781, 3316060681481, vstest.console.dll, Failed to load assembly Microsoft.VisualStudio.TestPlatform.Fakes, Version=17.0.0.0, Culture=neutral. Reason:System.IO.FileNotFoundException: Could not load file or assembly 'Microsoft.VisualStudio.TestPlatform.Fakes, Version=17.0.0.0, Culture=neutral, PublicKeyToken=null'. The system cannot find the file specified.
File name: 'Microsoft.VisualStudio.TestPlatform.Fakes, Version=17.0.0.0, Culture=neutral, PublicKeyToken=null'
   at System.Reflection.RuntimeAssembly.InternalLoad(AssemblyName assemblyName, StackCrawlMark& stackMark, AssemblyLoadContext assemblyLoadContext, RuntimeAssembly requestingAssembly, Boolean throwOnFileNotFound)
   at System.Reflection.Assembly.Load(AssemblyName assemblyRef)
   at Microsoft.VisualStudio.TestPlatform.Common.Utilities.FakesUtilities.LoadTestPlatformAssembly() in /_/src/Microsoft.TestPlatform.Common/Utilities/FakesUtilities.cs:line 272
TpTrace Verbose: 0 : 14080, 1, 2024/04/24, 11:40:35.788, 3316060754314, vstest.console.dll, TestPluginCache.DiscoverTestExtensions: finding test extensions in assemblies ends with: TestLogger.dll TPluginInfo: Microsoft.VisualStudio.TestPlatform.Common.ExtensionFramework.Utilities.TestLoggerPluginInformation TExtension: Microsoft.VisualStudio.TestPlatform.ObjectModel.Client.ITestLogger
TpTrace Verbose: 0 : 14080, 1, 2024/04/24, 11:40:35.788, 3316060756079, vstest.console.dll, TestPluginCache.GetExtensionPaths: Filtered extension paths: 
TpTrace Verbose: 0 : 14080, 1, 2024/04/24, 11:40:35.788, 3316060756290, vstest.console.dll, TestPluginCache.GetExtensionPaths: Added default extension paths: C:\Program Files\dotnet\sdk\8.0.204\Extensions\Microsoft.Diagnostics.NETCore.Client.dll
C:\Program Files\dotnet\sdk\8.0.204\Extensions\Microsoft.TestPlatform.Extensions.BlameDataCollector.dll
C:\Program Files\dotnet\sdk\8.0.204\Extensions\Microsoft.TestPlatform.Extensions.EventLogCollector.dll
C:\Program Files\dotnet\sdk\8.0.204\Extensions\Microsoft.TestPlatform.TestHostRuntimeProvider.dll
C:\Program Files\dotnet\sdk\8.0.204\Extensions\Microsoft.VisualStudio.TestPlatform.Extensions.Html.TestLogger.dll
C:\Program Files\dotnet\sdk\8.0.204\Extensions\Microsoft.VisualStudio.TestPlatform.Extensions.Trx.TestLogger.dll
TpTrace Verbose: 0 : 14080, 1, 2024/04/24, 11:40:35.788, 3316060756516, vstest.console.dll, TestPluginCache.GetExtensionPaths: Added unfilterableExtensionPaths: 
TpTrace Information: 0 : 14080, 1, 2024/04/24, 11:40:35.788, 3316060758308, vstest.console.dll, AssemblyResolver.AddSearchDirectories: Adding more searchDirectories C:\Program Files\dotnet\sdk\8.0.204\Extensions,C:\Program Files\dotnet\sdk\8.0.204
TpTrace Verbose: 0 : 14080, 1, 2024/04/24, 11:40:35.788, 3316060758611, vstest.console.dll, TestPluginCache.DiscoverTestExtensions: Discovering the extensions using extension path.
TpTrace Verbose: 0 : 14080, 1, 2024/04/24, 11:40:35.788, 3316060759233, vstest.console.dll, TestPluginCache.GetExtensionPaths: Filtered extension paths: 
TpTrace Verbose: 0 : 14080, 1, 2024/04/24, 11:40:35.788, 3316060759420, vstest.console.dll, TestPluginCache.GetExtensionPaths: Added default extension paths: C:\Program Files\dotnet\sdk\8.0.204\Extensions\Microsoft.Diagnostics.NETCore.Client.dll
C:\Program Files\dotnet\sdk\8.0.204\Extensions\Microsoft.TestPlatform.Extensions.BlameDataCollector.dll
C:\Program Files\dotnet\sdk\8.0.204\Extensions\Microsoft.TestPlatform.Extensions.EventLogCollector.dll
C:\Program Files\dotnet\sdk\8.0.204\Extensions\Microsoft.TestPlatform.TestHostRuntimeProvider.dll
C:\Program Files\dotnet\sdk\8.0.204\Extensions\Microsoft.VisualStudio.TestPlatform.Extensions.Html.TestLogger.dll
C:\Program Files\dotnet\sdk\8.0.204\Extensions\Microsoft.VisualStudio.TestPlatform.Extensions.Trx.TestLogger.dll
TpTrace Verbose: 0 : 14080, 1, 2024/04/24, 11:40:35.789, 3316060759572, vstest.console.dll, TestPluginCache.GetExtensionPaths: Added unfilterableExtensionPaths: 
TpTrace Verbose: 0 : 14080, 1, 2024/04/24, 11:40:35.789, 3316060760194, vstest.console.dll, TestPluginCache.DiscoverTestExtensions: Discovering the extensions using allExtensionPaths: C:\Program Files\dotnet\sdk\8.0.204\Extensions\Microsoft.Diagnostics.NETCore.Client.dll
C:\Program Files\dotnet\sdk\8.0.204\Extensions\Microsoft.TestPlatform.Extensions.BlameDataCollector.dll
C:\Program Files\dotnet\sdk\8.0.204\Extensions\Microsoft.TestPlatform.Extensions.EventLogCollector.dll
C:\Program Files\dotnet\sdk\8.0.204\Extensions\Microsoft.TestPlatform.TestHostRuntimeProvider.dll
C:\Program Files\dotnet\sdk\8.0.204\Extensions\Microsoft.VisualStudio.TestPlatform.Extensions.Html.TestLogger.dll
C:\Program Files\dotnet\sdk\8.0.204\Extensions\Microsoft.VisualStudio.TestPlatform.Extensions.Trx.TestLogger.dll
TpTrace Information: 0 : 14080, 1, 2024/04/24, 11:40:35.789, 3316060760519, vstest.console.dll, AssemblyResolver.AddSearchDirectories: Adding more searchDirectories C:\Program Files\dotnet\sdk\8.0.204\Extensions,C:\Program Files\dotnet\sdk\8.0.204
TpTrace Information: 0 : 14080, 1, 2024/04/24, 11:40:35.789, 3316060760715, vstest.console.dll, AssemblyResolver.AddSearchDirectories: Adding more searchDirectories C:\Program Files\dotnet\sdk\8.0.204\Extensions,C:\Program Files\dotnet\sdk\8.0.204
TpTrace Information: 0 : 14080, 1, 2024/04/24, 11:40:35.789, 3316060760868, vstest.console.dll, AssemblyResolver.AddSearchDirectories: Adding more searchDirectories C:\Program Files\dotnet\sdk\8.0.204\Extensions,C:\Program Files\dotnet\sdk\8.0.204
TpTrace Information: 0 : 14080, 1, 2024/04/24, 11:40:35.789, 3316060761017, vstest.console.dll, AssemblyResolver.AddSearchDirectories: Adding more searchDirectories C:\Program Files\dotnet\sdk\8.0.204\Extensions,C:\Program Files\dotnet\sdk\8.0.204
TpTrace Information: 0 : 14080, 1, 2024/04/24, 11:40:35.789, 3316060761232, vstest.console.dll, AssemblyResolver.AddSearchDirectories: Adding more searchDirectories C:\Program Files\dotnet\sdk\8.0.204\Extensions,C:\Program Files\dotnet\sdk\8.0.204
TpTrace Information: 0 : 14080, 1, 2024/04/24, 11:40:35.789, 3316060761387, vstest.console.dll, AssemblyResolver.AddSearchDirectories: Adding more searchDirectories C:\Program Files\dotnet\sdk\8.0.204\Extensions,C:\Program Files\dotnet\sdk\8.0.204
TpTrace Verbose: 0 : 14080, 1, 2024/04/24, 11:40:35.789, 3316060762303, vstest.console.dll, MetadataReaderExtensionsHelper: Discovering extensions inside assembly 'Microsoft.Diagnostics.NETCore.Client, Version=0.2.9.2401, Culture=neutral, PublicKeyToken=31bf3856ad364e35' file path 'C:\Program Files\dotnet\sdk\8.0.204\Extensions\Microsoft.Diagnostics.NETCore.Client.dll'
TpTrace Information: 0 : 14080, 1, 2024/04/24, 11:40:35.791, 3316060782384, vstest.console.dll, AssemblyResolver.OnResolve: Microsoft.Bcl.AsyncInterfaces: Resolving assembly.
TpTrace Information: 0 : 14080, 1, 2024/04/24, 11:40:35.791, 3316060783152, vstest.console.dll, AssemblyResolver.OnResolve: Microsoft.Bcl.AsyncInterfaces: Resolved from cache.
TpTrace Verbose: 0 : 14080, 1, 2024/04/24, 11:40:35.791, 3316060783336, vstest.console.dll, CurrentDomainAssemblyResolve: Resolving assembly 'Microsoft.Bcl.AsyncInterfaces'.
TpTrace Information: 0 : 14080, 1, 2024/04/24, 11:40:35.791, 3316060783689, vstest.console.dll, AssemblyResolver.OnResolve: Microsoft.Bcl.AsyncInterfaces: Resolving assembly.
TpTrace Information: 0 : 14080, 1, 2024/04/24, 11:40:35.791, 3316060783910, vstest.console.dll, AssemblyResolver.OnResolve: Microsoft.Bcl.AsyncInterfaces: Resolved from cache.
TpTrace Verbose: 0 : 14080, 1, 2024/04/24, 11:40:35.791, 3316060784050, vstest.console.dll, CurrentDomainAssemblyResolve: Resolving assembly 'Microsoft.Bcl.AsyncInterfaces'.
TpTrace Verbose: 0 : 14080, 1, 2024/04/24, 11:40:35.791, 3316060784186, vstest.console.dll, CurrentDomainAssemblyResolve: Failed to resolve assembly 'Microsoft.Bcl.AsyncInterfaces'.
TpTrace Verbose: 0 : 14080, 1, 2024/04/24, 11:40:35.791, 3316060785788, vstest.console.dll, CurrentDomainAssemblyResolve: Failed to resolve assembly 'Microsoft.Bcl.AsyncInterfaces'.
TpTrace Warning: 0 : 14080, 1, 2024/04/24, 11:40:35.792, 3316060790383, vstest.console.dll, TestPluginDiscoverer: Failed to get types from assembly 'Microsoft.Diagnostics.NETCore.Client, Version=0.2.9.2401, Culture=neutral, PublicKeyToken=31bf3856ad364e35'. Error: System.Reflection.ReflectionTypeLoadException: Unable to load one or more of the requested types.
Could not load file or assembly 'Microsoft.Bcl.AsyncInterfaces, Version=6.0.0.0, Culture=neutral, PublicKeyToken=cc7b13ffcd2ddd51'. The system cannot find the file specified.
   at System.Reflection.RuntimeModule.GetTypes(RuntimeModule module)
   at System.Reflection.RuntimeModule.GetTypes()
   at Microsoft.VisualStudio.TestPlatform.Common.ExtensionFramework.TestPluginDiscoverer.GetTestExtensionsFromAssembly[TPluginInfo,TExtension](Assembly assembly, Dictionary`2 pluginInfos, String filePath) in /_/src/Microsoft.TestPlatform.Common/ExtensionFramework/TestPluginDiscoverer.cs:line 158
System.IO.FileNotFoundException: Could not load file or assembly 'Microsoft.Bcl.AsyncInterfaces, Version=6.0.0.0, Culture=neutral, PublicKeyToken=cc7b13ffcd2ddd51'. The system cannot find the file specified.
File name: 'Microsoft.Bcl.AsyncInterfaces, Version=6.0.0.0, Culture=neutral, PublicKeyToken=cc7b13ffcd2ddd51'
 ---> System.IO.FileNotFoundException: Could not load file or assembly 'Microsoft.Bcl.AsyncInterfaces, Culture=neutral, PublicKeyToken=null'. The system cannot find the file specified.
File name: 'Microsoft.Bcl.AsyncInterfaces, Culture=neutral, PublicKeyToken=null'
   at System.Reflection.RuntimeAssembly.InternalLoad(AssemblyName assemblyName, StackCrawlMark& stackMark, AssemblyLoadContext assemblyLoadContext, RuntimeAssembly requestingAssembly, Boolean throwOnFileNotFound)
   at System.Reflection.Assembly.Load(AssemblyName assemblyRef)
   at Microsoft.VisualStudio.TestPlatform.Common.ExtensionFramework.TestPluginCache.CurrentDomainAssemblyResolve(Object sender, AssemblyResolveEventArgs args) in /_/src/Microsoft.TestPlatform.Common/ExtensionFramework/TestPluginCache.cs:line 513
   at System.Runtime.Loader.AssemblyLoadContext.GetFirstResolvedAssemblyFromResolvingEvent(AssemblyName assemblyName)
   at System.Runtime.Loader.AssemblyLoadContext.ResolveUsingEvent(AssemblyName assemblyName)
   at System.Runtime.Loader.AssemblyLoadContext.ResolveUsingResolvingEvent(IntPtr gchManagedAssemblyLoadContext, AssemblyName assemblyName)
TpTrace Warning: 0 : 14080, 1, 2024/04/24, 11:40:35.792, 3316060791975, vstest.console.dll, LoaderExceptions: System.IO.FileNotFoundException: Could not load file or assembly 'Microsoft.Bcl.AsyncInterfaces, Version=6.0.0.0, Culture=neutral, PublicKeyToken=cc7b13ffcd2ddd51'. The system cannot find the file specified.
File name: 'Microsoft.Bcl.AsyncInterfaces, Version=6.0.0.0, Culture=neutral, PublicKeyToken=cc7b13ffcd2ddd51'
 ---> System.IO.FileNotFoundException: Could not load file or assembly 'Microsoft.Bcl.AsyncInterfaces, Culture=neutral, PublicKeyToken=null'. The system cannot find the file specified.
File name: 'Microsoft.Bcl.AsyncInterfaces, Culture=neutral, PublicKeyToken=null'
   at System.Reflection.RuntimeAssembly.InternalLoad(AssemblyName assemblyName, StackCrawlMark& stackMark, AssemblyLoadContext assemblyLoadContext, RuntimeAssembly requestingAssembly, Boolean throwOnFileNotFound)
   at System.Reflection.Assembly.Load(AssemblyName assemblyRef)
   at Microsoft.VisualStudio.TestPlatform.Common.ExtensionFramework.TestPluginCache.CurrentDomainAssemblyResolve(Object sender, AssemblyResolveEventArgs args) in /_/src/Microsoft.TestPlatform.Common/ExtensionFramework/TestPluginCache.cs:line 513
   at System.Runtime.Loader.AssemblyLoadContext.GetFirstResolvedAssemblyFromResolvingEvent(AssemblyName assemblyName)
   at System.Runtime.Loader.AssemblyLoadContext.ResolveUsingEvent(AssemblyName assemblyName)
   at System.Runtime.Loader.AssemblyLoadContext.ResolveUsingResolvingEvent(IntPtr gchManagedAssemblyLoadContext, AssemblyName assemblyName)
TpTrace Verbose: 0 : 14080, 1, 2024/04/24, 11:40:35.792, 3316060793343, vstest.console.dll, MetadataReaderExtensionsHelper: Discovering extensions inside assembly 'Microsoft.TestPlatform.Extensions.BlameDataCollector, Version=15.0.0.0, Culture=neutral, PublicKeyToken=b03f5f7f11d50a3a' file path 'C:\Program Files\dotnet\sdk\8.0.204\Extensions\Microsoft.TestPlatform.Extensions.BlameDataCollector.dll'
TpTrace Information: 0 : 14080, 1, 2024/04/24, 11:40:35.793, 3316060806094, vstest.console.dll, GetTestExtensionFromType: Register extension with identifier data 'logger://Microsoft/TestPlatform/Extensions/Blame/v1' and type 'Microsoft.TestPlatform.Extensions.BlameDataCollector.BlameLogger, Microsoft.TestPlatform.Extensions.BlameDataCollector, Version=15.0.0.0, Culture=neutral, PublicKeyToken=b03f5f7f11d50a3a' inside file 'C:\Program Files\dotnet\sdk\8.0.204\Extensions\Microsoft.TestPlatform.Extensions.BlameDataCollector.dll'
TpTrace Verbose: 0 : 14080, 1, 2024/04/24, 11:40:35.793, 3316060807067, vstest.console.dll, MetadataReaderExtensionsHelper: Discovering extensions inside assembly 'Microsoft.TestPlatform.Extensions.EventLogCollector, Version=15.0.0.0, Culture=neutral, PublicKeyToken=b03f5f7f11d50a3a' file path 'C:\Program Files\dotnet\sdk\8.0.204\Extensions\Microsoft.TestPlatform.Extensions.EventLogCollector.dll'
TpTrace Verbose: 0 : 14080, 1, 2024/04/24, 11:40:35.794, 3316060814479, vstest.console.dll, MetadataReaderExtensionsHelper: Discovering extensions inside assembly 'Microsoft.TestPlatform.TestHostRuntimeProvider, Version=15.0.0.0, Culture=neutral, PublicKeyToken=b03f5f7f11d50a3a' file path 'C:\Program Files\dotnet\sdk\8.0.204\Extensions\Microsoft.TestPlatform.TestHostRuntimeProvider.dll'
TpTrace Verbose: 0 : 14080, 1, 2024/04/24, 11:40:35.795, 3316060821906, vstest.console.dll, MetadataReaderExtensionsHelper: Discovering extensions inside assembly 'Microsoft.VisualStudio.TestPlatform.Extensions.Html.TestLogger, Version=15.0.0.0, Culture=neutral, PublicKeyToken=b03f5f7f11d50a3a' file path 'C:\Program Files\dotnet\sdk\8.0.204\Extensions\Microsoft.VisualStudio.TestPlatform.Extensions.Html.TestLogger.dll'
TpTrace Information: 0 : 14080, 1, 2024/04/24, 11:40:35.796, 3316060836314, vstest.console.dll, GetTestExtensionFromType: Register extension with identifier data 'logger://Microsoft/TestPlatform/HtmlLogger/v1' and type 'Microsoft.VisualStudio.TestPlatform.Extensions.HtmlLogger.HtmlLogger, Microsoft.VisualStudio.TestPlatform.Extensions.Html.TestLogger, Version=15.0.0.0, Culture=neutral, PublicKeyToken=b03f5f7f11d50a3a' inside file 'C:\Program Files\dotnet\sdk\8.0.204\Extensions\Microsoft.VisualStudio.TestPlatform.Extensions.Html.TestLogger.dll'
TpTrace Verbose: 0 : 14080, 1, 2024/04/24, 11:40:35.796, 3316060838753, vstest.console.dll, MetadataReaderExtensionsHelper: Discovering extensions inside assembly 'Microsoft.VisualStudio.TestPlatform.Extensions.Trx.TestLogger, Version=15.0.0.0, Culture=neutral, PublicKeyToken=b03f5f7f11d50a3a' file path 'C:\Program Files\dotnet\sdk\8.0.204\Extensions\Microsoft.VisualStudio.TestPlatform.Extensions.Trx.TestLogger.dll'
TpTrace Information: 0 : 14080, 1, 2024/04/24, 11:40:35.798, 3316060852078, vstest.console.dll, GetTestExtensionFromType: Register extension with identifier data 'logger://Microsoft/TestPlatform/TrxLogger/v1' and type 'Microsoft.VisualStudio.TestPlatform.Extensions.TrxLogger.TrxLogger, Microsoft.VisualStudio.TestPlatform.Extensions.Trx.TestLogger, Version=15.0.0.0, Culture=neutral, PublicKeyToken=b03f5f7f11d50a3a' inside file 'C:\Program Files\dotnet\sdk\8.0.204\Extensions\Microsoft.VisualStudio.TestPlatform.Extensions.Trx.TestLogger.dll'
TpTrace Verbose: 0 : 14080, 1, 2024/04/24, 11:40:35.798, 3316060853333, vstest.console.dll, TestPluginCache: Discovered the extensions using extension path ''.
TpTrace Verbose: 0 : 14080, 1, 2024/04/24, 11:40:35.798, 3316060853772, vstest.console.dll, TestPluginCache: Discoverers are ''.
TpTrace Verbose: 0 : 14080, 1, 2024/04/24, 11:40:35.798, 3316060854017, vstest.console.dll, TestPluginCache: Executors are ''.
TpTrace Verbose: 0 : 14080, 1, 2024/04/24, 11:40:35.798, 3316060855743, vstest.console.dll, TestPluginCache: Executors2 are ''.
TpTrace Verbose: 0 : 14080, 1, 2024/04/24, 11:40:35.798, 3316060856086, vstest.console.dll, TestPluginCache: Setting providers are ''.
TpTrace Verbose: 0 : 14080, 1, 2024/04/24, 11:40:35.800, 3316060870629, vstest.console.dll, TestPluginCache: Loggers are 'logger://Microsoft/TestPlatform/Extensions/Blame/v1,logger://Microsoft/TestPlatform/HtmlLogger/v1,logger://Microsoft/TestPlatform/TrxLogger/v1'.
TpTrace Verbose: 0 : 14080, 1, 2024/04/24, 11:40:35.800, 3316060872254, vstest.console.dll, TestPluginCache: TestHosts are 'HostProvider://DefaultTestHost,HostProvider://DotnetTestHost'.
TpTrace Verbose: 0 : 14080, 1, 2024/04/24, 11:40:35.800, 3316060872662, vstest.console.dll, TestPluginCache: DataCollectors are ''.
TpTrace Information: 0 : 14080, 1, 2024/04/24, 11:40:35.802, 3316060894687, vstest.console.dll, TestPluginManager.CreateTestExtension: Attempting to load test extension: Microsoft.TestPlatform.Extensions.BlameDataCollector.BlameLogger
TpTrace Verbose: 0 : 14080, 1, 2024/04/24, 11:40:35.819, 3316061065243, vstest.console.dll, TestEngine: Initializing Parallel Execution as MaxCpuCount is set to: 1
TpTrace Information: 0 : 14080, 1, 2024/04/24, 11:40:35.822, 3316061098862, vstest.console.dll, TestPluginManager.CreateTestExtension: Attempting to load test extension: Microsoft.VisualStudio.TestPlatform.CrossPlatEngine.Hosting.DefaultTestHostManager
TpTrace Information: 0 : 14080, 1, 2024/04/24, 11:40:35.825, 3316061120621, vstest.console.dll, TestPluginManager.CreateTestExtension: Attempting to load test extension: Microsoft.VisualStudio.TestPlatform.CrossPlatEngine.Hosting.DotnetTestHostManager
TpTrace Information: 0 : 14080, 1, 2024/04/24, 11:40:35.827, 3316061139703, vstest.console.dll, InferRunSettingsHelper.IsTestSettingsEnabled: Unable to navigate to RunSettings/MSTest. Current node: RunSettings
TpTrace Verbose: 0 : 14080, 1, 2024/04/24, 11:40:35.828, 3316061159474, vstest.console.dll, ParallelOperationManager.ClearSlots: Clearing all slots. Slots should accept more work: True
TpTrace Verbose: 0 : 14080, 1, 2024/04/24, 11:40:35.829, 3316061169065, vstest.console.dll, ParallelOperationManager.SetOccupiedSlotCount: Setting slot counts AvailableSlotCount = 1, OccupiedSlotCount = 0.
TpTrace Verbose: 0 : 14080, 1, 2024/04/24, 11:40:35.830, 3316061178782, vstest.console.dll, Occupied slots:

TpTrace Verbose: 0 : 14080, 1, 2024/04/24, 11:40:35.834, 3316061209774, vstest.console.dll, TestEngine.GetExecutionManager: Chosen execution manager 'Microsoft.VisualStudio.TestPlatform.CrossPlatEngine.Client.Parallel.ParallelProxyExecutionManager, Microsoft.TestPlatform.CrossPlatEngine, Version=15.0.0.0, Culture=neutral, PublicKeyToken=b03f5f7f11d50a3a' ParallelLevel '1'.
TpTrace Verbose: 0 : 14080, 1, 2024/04/24, 11:40:35.834, 3316061211015, vstest.console.dll, TestRunRequest.ExecuteAsync: Creating test run request.
TpTrace Verbose: 0 : 14080, 1, 2024/04/24, 11:40:35.835, 3316061220442, vstest.console.dll, TestRunRequest.ExecuteAsync: Starting.
TpTrace Information: 0 : 14080, 1, 2024/04/24, 11:40:35.836, 3316061229553, vstest.console.dll, TestRunRequest.ExecuteAsync: Starting run with settings:TestRunCriteria:
   KeepAlive=False,FrequencyOfRunStatsChangeEvent=10,RunStatsChangeEventTimeout=00:00:01.5000000,TestCaseFilter=,TestExecutorLauncher=
   Settingsxml=<RunSettings>
  <RunConfiguration>
    <ResultsDirectory>C:\Users\VC\Desktop\New folder\git_push\Genspark_Training\Day10\DoctorClinic\DoctorClinicInterfaceSolution\DoctorClinicBLLTest\bin\Debug\net6.0\fine-code-coverage\coverage-tool-output</ResultsDirectory>
    <TargetPlatform>X64</TargetPlatform>
    <TargetFrameworkVersion>.NETCoreApp,Version=v6.0</TargetFrameworkVersion>
    <DesignMode>False</DesignMode>
    <CollectSourceInformation>False</CollectSourceInformation>
  </RunConfiguration>
  <LoggerRunSettings>
    <Loggers>
      <Logger friendlyName="blame" enabled="True" />
      <Logger friendlyName="Console" uri="logger://microsoft/TestPlatform/ConsoleLogger/v1" assemblyQualifiedName="Microsoft.VisualStudio.TestPlatform.CommandLine.Internal.ConsoleLogger, vstest.console, Version=15.0.0.0, Culture=neutral, PublicKeyToken=b03f5f7f11d50a3a" codeBase="C:\Program Files\dotnet\sdk\8.0.204\vstest.console.dll" enabled="True" />
    </Loggers>
  </LoggerRunSettings>
  <DataCollectionRunSettings>
    <DataCollectors>
      <DataCollector friendlyName="blame" enabled="True">
        <Configuration>
          <ResultsDirectory>C:\Users\VC\Desktop\New folder\git_push\Genspark_Training\Day10\DoctorClinic\DoctorClinicInterfaceSolution\DoctorClinicBLLTest\bin\Debug\net6.0\fine-code-coverage\coverage-tool-output</ResultsDirectory>
        </Configuration>
      </DataCollector>
    </DataCollectors>
  </DataCollectionRunSettings>
</RunSettings>

TpTrace Verbose: 0 : 14080, 1, 2024/04/24, 11:40:35.836, 3316061230428, vstest.console.dll, TestRunRequest.ExecuteAsync: Wait for the first run request is over.
TpTrace Verbose: 0 : 14080, 1, 2024/04/24, 11:40:35.836, 3316061237680, vstest.console.dll, MulticastDelegateUtilities.SafeInvoke: TestRun.TestRunStart: Invoking callbacks was skipped because there are no subscribers.
TpTrace Verbose: 0 : 14080, 4, 2024/04/24, 11:40:35.837, 3316061239855, vstest.console.dll, MulticastDelegateUtilities.SafeInvoke: InternalTestLoggerEvents.SendTestRunStart: Invoking callback 1/1 for Microsoft.VisualStudio.TestPlatform.CommandLine.Internal.ConsoleLogger., took 0 ms.
TpTrace Verbose: 0 : 14080, 1, 2024/04/24, 11:40:35.838, 3316061254455, vstest.console.dll, ParallelProxyExecutionManager: Start execution. Total sources: 1
TpTrace Verbose: 0 : 14080, 1, 2024/04/24, 11:40:35.838, 3316061257295, vstest.console.dll, ParallelOperationManager.StartWork: Starting adding 1 workloads.
TpTrace Verbose: 0 : 14080, 1, 2024/04/24, 11:40:35.838, 3316061257767, vstest.console.dll, ParallelOperationManager.ClearSlots: Clearing all slots. Slots should accept more work: True
TpTrace Verbose: 0 : 14080, 1, 2024/04/24, 11:40:35.838, 3316061258174, vstest.console.dll, ParallelOperationManager.SetOccupiedSlotCount: Setting slot counts AvailableSlotCount = 1, OccupiedSlotCount = 0.
TpTrace Verbose: 0 : 14080, 1, 2024/04/24, 11:40:35.838, 3316061258380, vstest.console.dll, Occupied slots:

TpTrace Verbose: 0 : 14080, 1, 2024/04/24, 11:40:35.841, 3316061279611, vstest.console.dll, TestRequestSender is acting as server.
TpTrace Verbose: 0 : 14080, 1, 2024/04/24, 11:40:35.842, 3316061297582, vstest.console.dll, ParallelOperationManager.RunWorkInParallel: Adding 1 workload to slot, remaining workloads 0.
TpTrace Verbose: 0 : 14080, 1, 2024/04/24, 11:40:35.842, 3316061298041, vstest.console.dll, ParallelOperationManager.SetOccupiedSlotCount: Setting slot counts AvailableSlotCount = 0, OccupiedSlotCount = 1.
TpTrace Verbose: 0 : 14080, 1, 2024/04/24, 11:40:35.843, 3316061302605, vstest.console.dll, Occupied slots:
0: C:\Users\VC\Desktop\New folder\git_push\Genspark_Training\Day10\DoctorClinic\DoctorClinicInterfaceSolution\DoctorClinicBLLTest\bin\Debug\net6.0\fine-code-coverage\build-output\DoctorClinicBLLTest.dll
TpTrace Verbose: 0 : 14080, 1, 2024/04/24, 11:40:35.845, 3316061324767, vstest.console.dll, ParallelOperationManager.RunWorkInParallel: Started host in slot number 0 for work (source): C:\Users\VC\Desktop\New folder\git_push\Genspark_Training\Day10\DoctorClinic\DoctorClinicInterfaceSolution\DoctorClinicBLLTest\bin\Debug\net6.0\fine-code-coverage\build-output\DoctorClinicBLLTest.dll.
TpTrace Verbose: 0 : 14080, 1, 2024/04/24, 11:40:35.846, 3316061334436, vstest.console.dll, ParallelOperationManager.RunWorkInParallel: We started 1 work items, which is the max parallel level. Won't start more work.
TpTrace Verbose: 0 : 14080, 1, 2024/04/24, 11:40:35.846, 3316061335283, vstest.console.dll, ParallelOperationManager.RunWorkInParallel: We started 1 work items in here, returning True.
TpTrace Information: 0 : 14080, 1, 2024/04/24, 11:40:35.846, 3316061335662, vstest.console.dll, TestRunRequest.ExecuteAsync: Started.
TpTrace Verbose: 0 : 14080, 5, 2024/04/24, 11:40:35.846, 3316061338086, vstest.console.dll, ParallelProxyExecutionManager.StartTestRunOnConcurrentManager: Initializing uninitialized client. Started clients: 0
TpTrace Verbose: 0 : 14080, 5, 2024/04/24, 11:40:35.847, 3316061341251, vstest.console.dll, DataCollectionRequestSender.InitializeCommunication : Initialize communication. 
TpTrace Verbose: 0 : 14080, 1, 2024/04/24, 11:40:35.847, 3316061345669, vstest.console.dll, TestRunRequest.WaitForCompletion: Waiting with timeout -1.
TpTrace Information: 0 : 14080, 5, 2024/04/24, 11:40:35.861, 3316061483503, vstest.console.dll, Listening on Endpoint : 127.0.0.1:63503
TpTrace Verbose: 0 : 14080, 5, 2024/04/24, 11:40:35.876, 3316061637201, vstest.console.dll, DotnetDataCollectionLauncher: Adding  --runtimeconfig "C:\Program Files\dotnet\sdk\8.0.204\datacollector.runtimeconfig.json" in args
TpTrace Verbose: 0 : 14080, 5, 2024/04/24, 11:40:35.876, 3316061638646, vstest.console.dll, DotnetDataCollectionLauncher: Adding  --depsfile "C:\Program Files\dotnet\sdk\8.0.204\datacollector.deps.json" in args
TpTrace Verbose: 0 : 14080, 5, 2024/04/24, 11:40:35.877, 3316061640367, vstest.console.dll, DotnetDataCollectionLauncher: Full path of dotnet.exe is C:\Program Files\dotnet\dotnet.exe
TpTrace Information: 0 : 14080, 5, 2024/04/24, 11:40:35.888, 3316061754397, vstest.console.dll, ProxyDataCollectionManager.Initialize: Launched datacollector processId: 16132 port: 63503
TpTrace Information: 0 : 14080, 5, 2024/04/24, 11:40:35.888, 3316061756519, vstest.console.dll, ProxyDataCollectionManager.Initialize: waiting for connection with timeout: 90 seconds
TpTrace Verbose: 0 : 14080, 5, 2024/04/24, 11:40:35.888, 3316061757118, vstest.console.dll, DataCollectionRequestSender.WaitForRequestHandlerConnection : Waiting for connection with timeout: 90000
TpTrace Information: 0 : 14080, 7, 2024/04/24, 11:40:36.094, 3316063814089, vstest.console.dll, Using the buffer size of 16384 bytes
TpTrace Verbose: 0 : 14080, 5, 2024/04/24, 11:40:36.094, 3316063814176, vstest.console.dll, SocketCommunicationManager.WaitForClientConnection took: 205 ms, with 90000 ms timeout, and finished with True.
TpTrace Information: 0 : 14080, 7, 2024/04/24, 11:40:36.094, 3316063815586, vstest.console.dll, Accepted Client request and set the flag
TpTrace Verbose: 0 : 14080, 5, 2024/04/24, 11:40:36.094, 3316063816359, vstest.console.dll, ProxyDataCollectionManager.InvokeDataCollectionServiceAction: Starting.
TpTrace Information: 0 : 14080, 5, 2024/04/24, 11:40:36.094, 3316063819356, vstest.console.dll, ProxyDataCollectionManager.BeforeTestRunStart: Get environment variable and port for datacollector processId: 16132 port: 63503
TpTrace Verbose: 0 : 14080, 5, 2024/04/24, 11:40:36.095, 3316063820984, vstest.console.dll, DataCollectionRequestSender.SendBeforeTestRunStartAndGetResult: Send BeforeTestRunStart message with settingsXml <RunSettings><RunConfiguration><ResultsDirectory>C:\Users\VC\Desktop\New folder\git_push\Genspark_Training\Day10\DoctorClinic\DoctorClinicInterfaceSolution\DoctorClinicBLLTest\bin\Debug\net6.0\fine-code-coverage\coverage-tool-output</ResultsDirectory><TargetPlatform>X64</TargetPlatform><TargetFrameworkVersion>.NETCoreApp,Version=v6.0</TargetFrameworkVersion><DesignMode>False</DesignMode><CollectSourceInformation>False</CollectSourceInformation><TestAdaptersPaths>C:\Program Files\dotnet\sdk\8.0.204\Extensions</TestAdaptersPaths></RunConfiguration><LoggerRunSettings><Loggers><Logger friendlyName="blame" enabled="True" /><Logger friendlyName="Console" uri="logger://microsoft/TestPlatform/ConsoleLogger/v1" assemblyQualifiedName="Microsoft.VisualStudio.TestPlatform.CommandLine.Internal.ConsoleLogger, vstest.console, Version=15.0.0.0, Culture=neutral, PublicKeyToken=b03f5f7f11d50a3a" codeBase="C:\Program Files\dotnet\sdk\8.0.204\vstest.console.dll" enabled="True" /></Loggers></LoggerRunSettings><DataCollectionRunSettings><DataCollectors><DataCollector friendlyName="blame" enabled="True"><Configuration><ResultsDirectory>C:\Users\VC\Desktop\New folder\git_push\Genspark_Training\Day10\DoctorClinic\DoctorClinicInterfaceSolution\DoctorClinicBLLTest\bin\Debug\net6.0\fine-code-coverage\coverage-tool-output</ResultsDirectory></Configuration></DataCollector></DataCollectors></DataCollectionRunSettings></RunSettings> and sources System.Collections.Generic.List`1[System.String]: 
TpTrace Verbose: 0 : 14080, 5, 2024/04/24, 11:40:36.162, 3316064498634, vstest.console.dll, DataCollectionRequestSender.SendBeforeTestRunStartAndGetResult: Received message: (DataCollection.SendMessage) -> {"MessageType":"DataCollection.SendMessage","Payload":{"FriendlyName":null,"Uri":null,"TestCaseId":"00000000-0000-0000-0000-000000000000","Message":"Logging DataCollector Diagnostics in file: C:\\Users\\VC\\Desktop\\New folder\\git_push\\Genspark_Training\\Day10\\DoctorClinic\\DoctorClinicInterfaceSolution\\DoctorClinicBLLTest\\bin\\Debug\\net6.0\\fine-code-coverage\\coverage-tool-output\\diagnostics.datacollector.24-04-24_11-40-35_87636_5.log","Level":0}}
TpTrace Verbose: 0 : 14080, 5, 2024/04/24, 11:40:36.252, 3316065396050, vstest.console.dll, DataCollectionRequestSender.SendBeforeTestRunStartAndGetResult: Received message: (DataCollection.BeforeTestRunStartResult) -> {"MessageType":"DataCollection.BeforeTestRunStartResult","Payload":{"EnvironmentVariables":{},"DataCollectionEventsPort":63505}}
TpTrace Information: 0 : 14080, 5, 2024/04/24, 11:40:36.258, 3316065452962, vstest.console.dll, ProxyDataCollectionManager.BeforeTestRunStart: SendBeforeTestRunStartAndGetResult successful, env variable from datacollector:   and testhost port: 63505
TpTrace Information: 0 : 14080, 5, 2024/04/24, 11:40:36.258, 3316065454258, vstest.console.dll, ProxyDataCollectionManager.InvokeDataCollectionServiceAction: Completed.
TpTrace Verbose: 0 : 14080, 5, 2024/04/24, 11:40:36.258, 3316065454581, vstest.console.dll, ParallelProxyExecutionManager.StartTestRunOnConcurrentManager: Initializing test run. Started clients: 0
TpTrace Verbose: 0 : 14080, 5, 2024/04/24, 11:40:36.258, 3316065455351, vstest.console.dll, ProxyExecutionManager: Test host is always Lazy initialize.
TpTrace Verbose: 0 : 14080, 5, 2024/04/24, 11:40:36.258, 3316065457137, vstest.console.dll, TestRequestSender.InitializeCommunication: initialize communication. 
TpTrace Information: 0 : 14080, 5, 2024/04/24, 11:40:36.259, 3316065461785, vstest.console.dll, SocketServer.Start: Listening on endpoint : 127.0.0.1:63506
TpTrace Verbose: 0 : 14080, 5, 2024/04/24, 11:40:36.260, 3316065469964, vstest.console.dll, DotnetTestHostmanager.GetTestHostProcessStartInfo: Platform environment 'X64' target architecture 'X64' framework '.NETCoreApp,Version=v6.0' OS 'Windows'
TpTrace Verbose: 0 : 14080, 5, 2024/04/24, 11:40:36.260, 3316065473670, vstest.console.dll, DotnetTestHostmanager: Adding  --runtimeconfig "C:\Users\VC\Desktop\New folder\git_push\Genspark_Training\Day10\DoctorClinic\DoctorClinicInterfaceSolution\DoctorClinicBLLTest\bin\Debug\net6.0\fine-code-coverage\build-output\DoctorClinicBLLTest.runtimeconfig.json" in args
TpTrace Verbose: 0 : 14080, 5, 2024/04/24, 11:40:36.260, 3316065474605, vstest.console.dll, DotnetTestHostmanager: Adding  --depsfile "C:\Users\VC\Desktop\New folder\git_push\Genspark_Training\Day10\DoctorClinic\DoctorClinicInterfaceSolution\DoctorClinicBLLTest\bin\Debug\net6.0\fine-code-coverage\build-output\DoctorClinicBLLTest.deps.json" in args
TpTrace Verbose: 0 : 14080, 5, 2024/04/24, 11:40:36.260, 3316065478460, vstest.console.dll, DotnetTestHostmanager.IsWinOnArm: Current PROCESSOR_ARCHITECTURE from environment variable 'AMD64'
TpTrace Verbose: 0 : 14080, 5, 2024/04/24, 11:40:36.260, 3316065479037, vstest.console.dll, DotnetTestHostmanager.IsWinOnArm: Is Windows on ARM 'False'
TpTrace Verbose: 0 : 14080, 5, 2024/04/24, 11:40:36.261, 3316065479809, vstest.console.dll, DotnetTestHostManager: testhost.exe found at path: C:\Users\VC\Desktop\New folder\git_push\Genspark_Training\Day10\DoctorClinic\DoctorClinicInterfaceSolution\DoctorClinicBLLTest\bin\Debug\net6.0\fine-code-coverage\build-output\testhost.exe
TpTrace Verbose: 0 : 14080, 5, 2024/04/24, 11:40:36.261, 3316065480162, vstest.console.dll, DotnetTestHostmanager: Full path of host exe is C:\Users\VC\Desktop\New folder\git_push\Genspark_Training\Day10\DoctorClinic\DoctorClinicInterfaceSolution\DoctorClinicBLLTest\bin\Debug\net6.0\fine-code-coverage\build-output\testhost.exe
TpTrace Verbose: 0 : 14080, 5, 2024/04/24, 11:40:36.261, 3316065481349, vstest.console.dll, DotnetTestHostmanager.LaunchTestHostAsync: Found 'VSTEST_WINAPPHOST_DOTNET_ROOT' in env variables, value 'C:\Program Files\dotnet', forwarding to 'DOTNET_ROOT'
TpTrace Verbose: 0 : 14080, 5, 2024/04/24, 11:40:36.261, 3316065482503, vstest.console.dll, DotnetTestHostManager: Starting process 'C:\Users\VC\Desktop\New folder\git_push\Genspark_Training\Day10\DoctorClinic\DoctorClinicInterfaceSolution\DoctorClinicBLLTest\bin\Debug\net6.0\fine-code-coverage\build-output\testhost.exe' with command line ' --runtimeconfig "C:\Users\VC\Desktop\New folder\git_push\Genspark_Training\Day10\DoctorClinic\DoctorClinicInterfaceSolution\DoctorClinicBLLTest\bin\Debug\net6.0\fine-code-coverage\build-output\DoctorClinicBLLTest.runtimeconfig.json" --depsfile "C:\Users\VC\Desktop\New folder\git_push\Genspark_Training\Day10\DoctorClinic\DoctorClinicInterfaceSolution\DoctorClinicBLLTest\bin\Debug\net6.0\fine-code-coverage\build-output\DoctorClinicBLLTest.deps.json" --port 63506 --endpoint 127.0.0.1:063506 --role client --parentprocessid 14080 --diag "C:\Users\VC\Desktop\New folder\git_push\Genspark_Training\Day10\DoctorClinic\DoctorClinicInterfaceSolution\DoctorClinicBLLTest\bin\Debug\net6.0\fine-code-coverage\coverage-tool-output\diagnostics.host.24-04-24_11-40-36_25957_5.log" --tracelevel 4 --datacollectionport 63505 --telemetryoptedin false'
TpTrace Verbose: 0 : 14080, 5, 2024/04/24, 11:40:36.268, 3316065550931, vstest.console.dll, MulticastDelegateUtilities.SafeInvoke: HostProviderEvents.OnHostLaunched: Invoking callback 1/2 for Microsoft.VisualStudio.TestPlatform.CrossPlatEngine.Client.ProxyExecutionManagerWithDataCollection., took 1 ms.
TpTrace Verbose: 0 : 14080, 5, 2024/04/24, 11:40:36.268, 3316065555643, vstest.console.dll, Test Runtime launched
TpTrace Verbose: 0 : 14080, 5, 2024/04/24, 11:40:36.268, 3316065556497, vstest.console.dll, MulticastDelegateUtilities.SafeInvoke: HostProviderEvents.OnHostLaunched: Invoking callback 2/2 for Microsoft.VisualStudio.TestPlatform.CrossPlatEngine.Client.ProxyOperationManager., took 0 ms.
TpTrace Verbose: 0 : 14080, 5, 2024/04/24, 11:40:36.269, 3316065560041, vstest.console.dll, TestRequestSender.WaitForRequestHandlerConnection: waiting for connection with timeout: 90000.
TpTrace Verbose: 0 : 14080, 12, 2024/04/24, 11:40:36.441, 3316067287396, vstest.console.dll, MulticastDelegateUtilities.SafeInvoke: SocketServer: ClientConnected: Invoking callback 1/1 for Microsoft.VisualStudio.TestPlatform.CommunicationUtilities.TestRequestSender., took 0 ms.
TpTrace Verbose: 0 : 14080, 5, 2024/04/24, 11:40:36.441, 3316067287396, vstest.console.dll, TestRequestSender.WaitForRequestHandlerConnection: waiting took 172 ms, with timeout 90000 ms, and result 0, which is success.
TpTrace Verbose: 0 : 14080, 12, 2024/04/24, 11:40:36.441, 3316067288615, vstest.console.dll, SocketServer.OnClientConnected: Client connected for endPoint: 127.0.0.1:63506, starting MessageLoopAsync:
TpTrace Verbose: 0 : 14080, 13, 2024/04/24, 11:40:36.442, 3316067293802, vstest.console.dll, TcpClientExtensions.MessageLoopAsync: Polling on remoteEndPoint: 127.0.0.1:63507 localEndPoint: 127.0.0.1:63506 after 0 ms
TpTrace Verbose: 0 : 14080, 5, 2024/04/24, 11:40:36.442, 3316067297558, vstest.console.dll, TestRequestSender.CheckVersionWithTestHost: Sending check version message: {"MessageType":"ProtocolVersion","Payload":7}
TpTrace Verbose: 0 : 14080, 13, 2024/04/24, 11:40:36.551, 3316068385836, vstest.console.dll, TcpClientExtensions.MessageLoopAsync: NotifyDataAvailable remoteEndPoint: 127.0.0.1:63507 localEndPoint: 127.0.0.1:63506
TpTrace Verbose: 0 : 14080, 13, 2024/04/24, 11:40:36.552, 3316068390263, vstest.console.dll, TestRequestSender.CheckVersionWithTestHost: onMessageReceived received message: (ProtocolVersion) -> {"MessageType":"ProtocolVersion","Payload":7}
TpTrace Verbose: 0 : 14080, 13, 2024/04/24, 11:40:36.579, 3316068666083, vstest.console.dll, MulticastDelegateUtilities.SafeInvoke: LengthPrefixCommunicationChannel: MessageReceived: Invoking callback 1/1 for Microsoft.VisualStudio.TestPlatform.CommunicationUtilities.TestRequestSender+<>c__DisplayClass29_0., took 27 ms.
TpTrace Verbose: 0 : 14080, 5, 2024/04/24, 11:40:36.579, 3316068667080, vstest.console.dll, TestPluginCache.GetExtensionPaths: Filtered extension paths: 
TpTrace Verbose: 0 : 14080, 5, 2024/04/24, 11:40:36.579, 3316068668878, vstest.console.dll, TestPluginCache.GetExtensionPaths: Added default extension paths: C:\Program Files\dotnet\sdk\8.0.204\Extensions\Microsoft.Diagnostics.NETCore.Client.dll
C:\Program Files\dotnet\sdk\8.0.204\Extensions\Microsoft.TestPlatform.Extensions.BlameDataCollector.dll
C:\Program Files\dotnet\sdk\8.0.204\Extensions\Microsoft.TestPlatform.Extensions.EventLogCollector.dll
C:\Program Files\dotnet\sdk\8.0.204\Extensions\Microsoft.TestPlatform.TestHostRuntimeProvider.dll
C:\Program Files\dotnet\sdk\8.0.204\Extensions\Microsoft.VisualStudio.TestPlatform.Extensions.Html.TestLogger.dll
C:\Program Files\dotnet\sdk\8.0.204\Extensions\Microsoft.VisualStudio.TestPlatform.Extensions.Trx.TestLogger.dll
TpTrace Verbose: 0 : 14080, 5, 2024/04/24, 11:40:36.579, 3316068669085, vstest.console.dll, TestPluginCache.GetExtensionPaths: Added unfilterableExtensionPaths: 
TpTrace Verbose: 0 : 14080, 13, 2024/04/24, 11:40:36.579, 3316068668068, vstest.console.dll, TcpClientExtensions.MessageLoopAsync: Polling on remoteEndPoint: 127.0.0.1:63507 localEndPoint: 127.0.0.1:63506 after 137 ms
TpTrace Verbose: 0 : 14080, 13, 2024/04/24, 11:40:36.580, 3316068670829, vstest.console.dll, TcpClientExtensions.MessageLoopAsync: NotifyDataAvailable remoteEndPoint: 127.0.0.1:63507 localEndPoint: 127.0.0.1:63506
TpTrace Verbose: 0 : 14080, 5, 2024/04/24, 11:40:36.583, 3316068701969, vstest.console.dll, TestRequestSender.InitializeExecution: Sending initialize execution with message: {"Version":7,"MessageType":"TestExecution.Initialize","Payload":["C:\\Users\\VC\\Desktop\\New folder\\git_push\\Genspark_Training\\Day10\\DoctorClinic\\DoctorClinicInterfaceSolution\\DoctorClinicBLLTest\\bin\\Debug\\net6.0\\fine-code-coverage\\build-output\\NUnit3.TestAdapter.dll"]}
TpTrace Verbose: 0 : 14080, 5, 2024/04/24, 11:40:36.583, 3316068703594, vstest.console.dll, ParallelProxyExecutionManager.StartTestRunOnConcurrentManager: Execution starting. Started clients: 1
TpTrace Verbose: 0 : 14080, 5, 2024/04/24, 11:40:36.583, 3316068708865, vstest.console.dll, TestRunRequest:SendTestRunMessage: Starting.
TpTrace Verbose: 0 : 14080, 5, 2024/04/24, 11:40:36.584, 3316068710465, vstest.console.dll, MulticastDelegateUtilities.SafeInvoke: TestRun.LogMessages: Invoking callback 1/1 for Microsoft.VisualStudio.TestPlatform.CommandLine.TestRunResultAggregator., took 0 ms.
TpTrace Information: 0 : 14080, 5, 2024/04/24, 11:40:36.584, 3316068710863, vstest.console.dll, TestRunRequest:SendTestRunMessage: Completed.
TpTrace Verbose: 0 : 14080, 4, 2024/04/24, 11:40:36.584, 3316068712301, vstest.console.dll, MulticastDelegateUtilities.SafeInvoke: InternalTestLoggerEvents.SendTestRunMessage: Invoking callback 1/1 for Microsoft.VisualStudio.TestPlatform.CommandLine.Internal.ConsoleLogger., took 0 ms.
TpTrace Warning: 0 : 14080, 5, 2024/04/24, 11:40:36.584, 3316068717666, vstest.console.dll, InferRunSettingsHelper.MakeRunsettingsCompatible: Removing the following settings: TargetPlatform from RunSettings file. To use those settings please move to latest version of Microsoft.NET.Test.Sdk
TpTrace Verbose: 0 : 14080, 13, 2024/04/24, 11:40:36.585, 3316068726345, vstest.console.dll, TestRequestSender.OnExecutionMessageReceived: Received message: {"Version":7,"MessageType":"TestSession.Message","Payload":{"MessageLevel":0,"Message":"Logging TestHost Diagnostics in file: C:\\Users\\VC\\Desktop\\New folder\\git_push\\Genspark_Training\\Day10\\DoctorClinic\\DoctorClinicInterfaceSolution\\DoctorClinicBLLTest\\bin\\Debug\\net6.0\\fine-code-coverage\\coverage-tool-output\\diagnostics.host.24-04-24_11-40-36_25957_5.log"}}
TpTrace Verbose: 0 : 14080, 13, 2024/04/24, 11:40:36.589, 3316068767532, vstest.console.dll, TestRunRequest:SendTestRunMessage: Starting.
TpTrace Verbose: 0 : 14080, 13, 2024/04/24, 11:40:36.590, 3316068769586, vstest.console.dll, MulticastDelegateUtilities.SafeInvoke: TestRun.LogMessages: Invoking callback 1/1 for Microsoft.VisualStudio.TestPlatform.CommandLine.TestRunResultAggregator., took 0 ms.
TpTrace Information: 0 : 14080, 13, 2024/04/24, 11:40:36.590, 3316068769833, vstest.console.dll, TestRunRequest:SendTestRunMessage: Completed.
TpTrace Verbose: 0 : 14080, 4, 2024/04/24, 11:40:36.590, 3316068769866, vstest.console.dll, MulticastDelegateUtilities.SafeInvoke: InternalTestLoggerEvents.SendTestRunMessage: Invoking callback 1/1 for Microsoft.VisualStudio.TestPlatform.CommandLine.Internal.ConsoleLogger., took 0 ms.
TpTrace Verbose: 0 : 14080, 13, 2024/04/24, 11:40:36.590, 3316068770285, vstest.console.dll, MulticastDelegateUtilities.SafeInvoke: LengthPrefixCommunicationChannel: MessageReceived: Invoking callback 1/1 for Microsoft.VisualStudio.TestPlatform.CommunicationUtilities.TestRequestSender+<>c__DisplayClass34_0., took 4 ms.
TpTrace Verbose: 0 : 14080, 13, 2024/04/24, 11:40:36.590, 3316068771144, vstest.console.dll, TcpClientExtensions.MessageLoopAsync: Polling on remoteEndPoint: 127.0.0.1:63507 localEndPoint: 127.0.0.1:63506 after 10 ms
TpTrace Verbose: 0 : 14080, 5, 2024/04/24, 11:40:36.605, 3316068923196, vstest.console.dll, TestRequestSender.StartTestRun: Sending test run with message: {"Version":7,"MessageType":"TestExecution.StartWithSources","Payload":{"AdapterSourceMap":{"_none_":["C:\\Users\\VC\\Desktop\\New folder\\git_push\\Genspark_Training\\Day10\\DoctorClinic\\DoctorClinicInterfaceSolution\\DoctorClinicBLLTest\\bin\\Debug\\net6.0\\fine-code-coverage\\build-output\\DoctorClinicBLLTest.dll"]},"RunSettings":"<RunSettings>\r\n  <RunConfiguration>\r\n    <ResultsDirectory>C:\\Users\\VC\\Desktop\\New folder\\git_push\\Genspark_Training\\Day10\\DoctorClinic\\DoctorClinicInterfaceSolution\\DoctorClinicBLLTest\\bin\\Debug\\net6.0\\fine-code-coverage\\coverage-tool-output</ResultsDirectory>\r\n    <TargetFrameworkVersion>.NETCoreApp,Version=v6.0</TargetFrameworkVersion>\r\n    <DesignMode>False</DesignMode>\r\n    <CollectSourceInformation>False</CollectSourceInformation>\r\n  </RunConfiguration>\r\n  <LoggerRunSettings>\r\n    <Loggers>\r\n      <Logger friendlyName=\"blame\" enabled=\"True\" />\r\n      <Logger friendlyName=\"Console\" uri=\"logger://microsoft/TestPlatform/ConsoleLogger/v1\" assemblyQualifiedName=\"Microsoft.VisualStudio.TestPlatform.CommandLine.Internal.ConsoleLogger, vstest.console, Version=15.0.0.0, Culture=neutral, PublicKeyToken=b03f5f7f11d50a3a\" codeBase=\"C:\\Program Files\\dotnet\\sdk\\8.0.204\\vstest.console.dll\" enabled=\"True\" />\r\n    </Loggers>\r\n  </LoggerRunSettings>\r\n  <DataCollectionRunSettings>\r\n    <DataCollectors>\r\n      <DataCollector friendlyName=\"blame\" enabled=\"True\">\r\n        <Configuration>\r\n          <ResultsDirectory>C:\\Users\\VC\\Desktop\\New folder\\git_push\\Genspark_Training\\Day10\\DoctorClinic\\DoctorClinicInterfaceSolution\\DoctorClinicBLLTest\\bin\\Debug\\net6.0\\fine-code-coverage\\coverage-tool-output</ResultsDirectory>\r\n        </Configuration>\r\n      </DataCollector>\r\n    </DataCollectors>\r\n  </DataCollectionRunSettings>\r\n</RunSettings>","TestExecutionContext":{"FrequencyOfRunStatsChangeEvent":10,"RunStatsChangeEventTimeout":"00:00:01.5000000","InIsolation":false,"KeepAlive":false,"AreTestCaseLevelEventsRequired":false,"IsDebug":false,"TestCaseFilter":null,"FilterOptions":null},"Package":null}}
TpTrace Verbose: 0 : 14080, 5, 2024/04/24, 11:40:36.605, 3316068927320, vstest.console.dll, ParallelProxyExecutionManager.StartTestRunOnConcurrentManager: Execution started. Started clients: 1
TpTrace Verbose: 0 : 14080, 13, 2024/04/24, 11:40:36.797, 3316070842107, vstest.console.dll, TcpClientExtensions.MessageLoopAsync: NotifyDataAvailable remoteEndPoint: 127.0.0.1:63507 localEndPoint: 127.0.0.1:63506
TpTrace Verbose: 0 : 14080, 13, 2024/04/24, 11:40:36.797, 3316070845587, vstest.console.dll, TestRequestSender.OnExecutionMessageReceived: Received message: {"Version":7,"MessageType":"TestSession.Message","Payload":{"MessageLevel":0,"Message":"NUnit Adapter 4.4.0.0: Test execution started"}}
TpTrace Verbose: 0 : 14080, 13, 2024/04/24, 11:40:36.797, 3316070848866, vstest.console.dll, TestRunRequest:SendTestRunMessage: Starting.
TpTrace Verbose: 0 : 14080, 13, 2024/04/24, 11:40:36.798, 3316070849695, vstest.console.dll, MulticastDelegateUtilities.SafeInvoke: TestRun.LogMessages: Invoking callback 1/1 for Microsoft.VisualStudio.TestPlatform.CommandLine.TestRunResultAggregator., took 0 ms.
TpTrace Information: 0 : 14080, 13, 2024/04/24, 11:40:36.798, 3316070849917, vstest.console.dll, TestRunRequest:SendTestRunMessage: Completed.
TpTrace Verbose: 0 : 14080, 13, 2024/04/24, 11:40:36.798, 3316070850226, vstest.console.dll, MulticastDelegateUtilities.SafeInvoke: LengthPrefixCommunicationChannel: MessageReceived: Invoking callback 1/1 for Microsoft.VisualStudio.TestPlatform.CommunicationUtilities.TestRequestSender+<>c__DisplayClass34_0., took 0 ms.
TpTrace Verbose: 0 : 14080, 13, 2024/04/24, 11:40:36.798, 3316070850482, vstest.console.dll, TcpClientExtensions.MessageLoopAsync: Polling on remoteEndPoint: 127.0.0.1:63507 localEndPoint: 127.0.0.1:63506 after 207 ms
TpTrace Verbose: 0 : 14080, 4, 2024/04/24, 11:40:36.798, 3316070850813, vstest.console.dll, MulticastDelegateUtilities.SafeInvoke: InternalTestLoggerEvents.SendTestRunMessage: Invoking callback 1/1 for Microsoft.VisualStudio.TestPlatform.CommandLine.Internal.ConsoleLogger., took 0 ms.
TpTrace Verbose: 0 : 14080, 13, 2024/04/24, 11:40:36.824, 3316071117355, vstest.console.dll, TcpClientExtensions.MessageLoopAsync: NotifyDataAvailable remoteEndPoint: 127.0.0.1:63507 localEndPoint: 127.0.0.1:63506
TpTrace Verbose: 0 : 14080, 13, 2024/04/24, 11:40:36.825, 3316071120060, vstest.console.dll, TestRequestSender.OnExecutionMessageReceived: Received message: {"Version":7,"MessageType":"TestSession.Message","Payload":{"MessageLevel":0,"Message":"Running all tests in C:\\Users\\VC\\Desktop\\New folder\\git_push\\Genspark_Training\\Day10\\DoctorClinic\\DoctorClinicInterfaceSolution\\DoctorClinicBLLTest\\bin\\Debug\\net6.0\\fine-code-coverage\\build-output\\DoctorClinicBLLTest.dll"}}
TpTrace Verbose: 0 : 14080, 13, 2024/04/24, 11:40:36.825, 3316071121654, vstest.console.dll, TestRunRequest:SendTestRunMessage: Starting.
TpTrace Verbose: 0 : 14080, 13, 2024/04/24, 11:40:36.825, 3316071122281, vstest.console.dll, MulticastDelegateUtilities.SafeInvoke: TestRun.LogMessages: Invoking callback 1/1 for Microsoft.VisualStudio.TestPlatform.CommandLine.TestRunResultAggregator., took 0 ms.
TpTrace Information: 0 : 14080, 13, 2024/04/24, 11:40:36.825, 3316071122537, vstest.console.dll, TestRunRequest:SendTestRunMessage: Completed.
TpTrace Verbose: 0 : 14080, 13, 2024/04/24, 11:40:36.825, 3316071122780, vstest.console.dll, MulticastDelegateUtilities.SafeInvoke: LengthPrefixCommunicationChannel: MessageReceived: Invoking callback 1/1 for Microsoft.VisualStudio.TestPlatform.CommunicationUtilities.TestRequestSender+<>c__DisplayClass34_0., took 0 ms.
TpTrace Verbose: 0 : 14080, 4, 2024/04/24, 11:40:36.825, 3316071122751, vstest.console.dll, MulticastDelegateUtilities.SafeInvoke: InternalTestLoggerEvents.SendTestRunMessage: Invoking callback 1/1 for Microsoft.VisualStudio.TestPlatform.CommandLine.Internal.ConsoleLogger., took 0 ms.
TpTrace Verbose: 0 : 14080, 13, 2024/04/24, 11:40:36.825, 3316071123103, vstest.console.dll, TcpClientExtensions.MessageLoopAsync: Polling on remoteEndPoint: 127.0.0.1:63507 localEndPoint: 127.0.0.1:63506 after 27 ms
TpTrace Verbose: 0 : 14080, 13, 2024/04/24, 11:40:36.971, 3316072585459, vstest.console.dll, TcpClientExtensions.MessageLoopAsync: NotifyDataAvailable remoteEndPoint: 127.0.0.1:63507 localEndPoint: 127.0.0.1:63506
TpTrace Verbose: 0 : 14080, 13, 2024/04/24, 11:40:36.971, 3316072588262, vstest.console.dll, TestRequestSender.OnExecutionMessageReceived: Received message: {"Version":7,"MessageType":"TestSession.Message","Payload":{"MessageLevel":0,"Message":"   NUnit3TestExecutor discovered 3 of 3 NUnit test cases using Current Discovery mode, Non-Explicit run"}}
TpTrace Verbose: 0 : 14080, 13, 2024/04/24, 11:40:36.972, 3316072590010, vstest.console.dll, TestRunRequest:SendTestRunMessage: Starting.
TpTrace Verbose: 0 : 14080, 13, 2024/04/24, 11:40:36.972, 3316072590610, vstest.console.dll, MulticastDelegateUtilities.SafeInvoke: TestRun.LogMessages: Invoking callback 1/1 for Microsoft.VisualStudio.TestPlatform.CommandLine.TestRunResultAggregator., took 0 ms.
TpTrace Information: 0 : 14080, 13, 2024/04/24, 11:40:36.972, 3316072590842, vstest.console.dll, TestRunRequest:SendTestRunMessage: Completed.
TpTrace Verbose: 0 : 14080, 13, 2024/04/24, 11:40:36.972, 3316072591080, vstest.console.dll, MulticastDelegateUtilities.SafeInvoke: LengthPrefixCommunicationChannel: MessageReceived: Invoking callback 1/1 for Microsoft.VisualStudio.TestPlatform.CommunicationUtilities.TestRequestSender+<>c__DisplayClass34_0., took 0 ms.
TpTrace Verbose: 0 : 14080, 13, 2024/04/24, 11:40:36.972, 3316072591332, vstest.console.dll, TcpClientExtensions.MessageLoopAsync: Polling on remoteEndPoint: 127.0.0.1:63507 localEndPoint: 127.0.0.1:63506 after 146 ms
TpTrace Verbose: 0 : 14080, 4, 2024/04/24, 11:40:36.972, 3316072591768, vstest.console.dll, MulticastDelegateUtilities.SafeInvoke: InternalTestLoggerEvents.SendTestRunMessage: Invoking callback 1/1 for Microsoft.VisualStudio.TestPlatform.CommandLine.Internal.ConsoleLogger., took 0 ms.
TpTrace Verbose: 0 : 14080, 13, 2024/04/24, 11:40:37.127, 3316074141254, vstest.console.dll, TcpClientExtensions.MessageLoopAsync: NotifyDataAvailable remoteEndPoint: 127.0.0.1:63507 localEndPoint: 127.0.0.1:63506
TpTrace Verbose: 0 : 14080, 13, 2024/04/24, 11:40:37.127, 3316074144477, vstest.console.dll, TestRequestSender.OnExecutionMessageReceived: Received message: {"Version":7,"MessageType":"TestSession.Message","Payload":{"MessageLevel":0,"Message":"NUnit Adapter 4.4.0.0: Test execution complete"}}
TpTrace Verbose: 0 : 14080, 13, 2024/04/24, 11:40:37.127, 3316074146422, vstest.console.dll, TestRunRequest:SendTestRunMessage: Starting.
TpTrace Verbose: 0 : 14080, 13, 2024/04/24, 11:40:37.127, 3316074146951, vstest.console.dll, MulticastDelegateUtilities.SafeInvoke: TestRun.LogMessages: Invoking callback 1/1 for Microsoft.VisualStudio.TestPlatform.CommandLine.TestRunResultAggregator., took 0 ms.
TpTrace Information: 0 : 14080, 13, 2024/04/24, 11:40:37.127, 3316074147131, vstest.console.dll, TestRunRequest:SendTestRunMessage: Completed.
TpTrace Verbose: 0 : 14080, 13, 2024/04/24, 11:40:37.127, 3316074147314, vstest.console.dll, MulticastDelegateUtilities.SafeInvoke: LengthPrefixCommunicationChannel: MessageReceived: Invoking callback 1/1 for Microsoft.VisualStudio.TestPlatform.CommunicationUtilities.TestRequestSender+<>c__DisplayClass34_0., took 0 ms.
TpTrace Verbose: 0 : 14080, 13, 2024/04/24, 11:40:37.127, 3316074147513, vstest.console.dll, TcpClientExtensions.MessageLoopAsync: Polling on remoteEndPoint: 127.0.0.1:63507 localEndPoint: 127.0.0.1:63506 after 155 ms
TpTrace Verbose: 0 : 14080, 4, 2024/04/24, 11:40:37.127, 3316074148060, vstest.console.dll, MulticastDelegateUtilities.SafeInvoke: InternalTestLoggerEvents.SendTestRunMessage: Invoking callback 1/1 for Microsoft.VisualStudio.TestPlatform.CommandLine.Internal.ConsoleLogger., took 0 ms.
TpTrace Verbose: 0 : 14080, 13, 2024/04/24, 11:40:37.174, 3316074619196, vstest.console.dll, TcpClientExtensions.MessageLoopAsync: NotifyDataAvailable remoteEndPoint: 127.0.0.1:63507 localEndPoint: 127.0.0.1:63506
TpTrace Verbose: 0 : 14080, 13, 2024/04/24, 11:40:37.175, 3316074622938, vstest.console.dll, TestRequestSender.OnExecutionMessageReceived: Received message: {"Version":7,"MessageType":"TestExecution.Completed","Payload":{"TestRunCompleteArgs":{"TestRunStatistics":{"ExecutedTests":3,"Stats":{"Failed":2,"Passed":1}},"IsCanceled":false,"IsAborted":false,"Error":null,"AttachmentSets":[],"InvokedDataCollectors":[],"ElapsedTimeInRunningTests":"00:00:00.3675105","Metrics":{},"DiscoveredExtensions":{"TestDiscoverers":["NUnit.VisualStudio.TestAdapter.NUnit3TestDiscoverer, NUnit3.TestAdapter, Version=4.4.0.0, Culture=neutral, PublicKeyToken=4cb40d35494691ac"],"TestExecutors":["executor://NUnit3TestExecutor"],"TestExecutors2":[],"TestSettingsProviders":[]}},"LastRunTests":{"NewTestResults":[{"TestCase":{"Id":"baedcd15-7712-2fb8-f8b4-add7d41398ad","FullyQualifiedName":"DoctorClinicBLLTest.TestingAppointmentBLL.TestingPatientService_Test","DisplayName":"TestingPatientService_Test","ExecutorUri":"executor://NUnit3TestExecutor","Source":"C:\\Users\\VC\\Desktop\\New folder\\git_push\\Genspark_Training\\Day10\\DoctorClinic\\DoctorClinicInterfaceSolution\\DoctorClinicBLLTest\\bin\\Debug\\net6.0\\fine-code-coverage\\build-output\\DoctorClinicBLLTest.dll","CodeFilePath":null,"LineNumber":0,"Properties":[{"Key":{"Id":"NUnit.Seed","Label":"Seed","Category":"","Description":"","Attributes":0,"ValueType":"System.String"},"Value":"1425209887"}]},"Attachments":[],"Outcome":2,"ErrorMessage":"  Expected string length 6 but was 4. Strings differ at index 0.\r\n  Expected: \"albert\"\r\n  But was:  \"dave\"\r\n  -----------^\r\n","ErrorStackTrace":"   at DoctorClinicBLLTest.TestingAppointmentBLL.TestingPatientService_Test() in C:\\Users\\VC\\Desktop\\New folder\\git_push\\Genspark_Training\\Day10\\DoctorClinic\\DoctorClinicInterfaceSolution\\DoctorClinicBLLTest\\AppointmentTest.cs:line 31\r\n\n1)    at DoctorClinicBLLTest.TestingAppointmentBLL.TestingPatientService_Test() in C:\\Users\\VC\\Desktop\\New folder\\git_push\\Genspark_Training\\Day10\\DoctorClinic\\DoctorClinicInterfaceSolution\\DoctorClinicBLLTest\\AppointmentTest.cs:line 31\r\n\n","DisplayName":"TestingPatientService_Test","Messages":[],"ComputerName":"DESKTOP-O0O5K9B","Duration":"00:00:00.0608970","StartTime":"2024-04-24T06:10:37.002129+00:00","EndTime":"2024-04-24T06:10:37.0629685+00:00","Properties":[{"Key":{"Id":"NUnit.Seed","Label":"Seed","Category":"","Description":"","Attributes":0,"ValueType":"System.String"},"Value":"1425209887"}]},{"TestCase":{"Id":"096507fd-5fdc-0597-5f90-48178217f177","FullyQualifiedName":"DoctorClinicBLLTest.TestingDoctorClinicBLL.TestingDoctorService_Test","DisplayName":"TestingDoctorService_Test","ExecutorUri":"executor://NUnit3TestExecutor","Source":"C:\\Users\\VC\\Desktop\\New folder\\git_push\\Genspark_Training\\Day10\\DoctorClinic\\DoctorClinicInterfaceSolution\\DoctorClinicBLLTest\\bin\\Debug\\net6.0\\fine-code-coverage\\build-output\\DoctorClinicBLLTest.dll","CodeFilePath":null,"LineNumber":0,"Properties":[{"Key":{"Id":"NUnit.Seed","Label":"Seed","Category":"","Description":"","Attributes":0,"ValueType":"System.String"},"Value":"2009525294"}]},"Attachments":[],"Outcome":1,"ErrorMessage":null,"ErrorStackTrace":null,"DisplayName":"TestingDoctorService_Test","Messages":[],"ComputerName":"DESKTOP-O0O5K9B","Duration":"00:00:00.0041780","StartTime":"2024-04-24T06:10:37.0659835+00:00","EndTime":"2024-04-24T06:10:37.0701588+00:00","Properties":[{"Key":{"Id":"NUnit.Seed","Label":"Seed","Category":"","Description":"","Attributes":0,"ValueType":"System.String"},"Value":"2009525294"}]},{"TestCase":{"Id":"a1a18e24-c69f-e65a-5713-542df5bc540e","FullyQualifiedName":"DoctorClinicBLLTest.TestingPatientClinicBLL.TestingPatientService_Test","DisplayName":"TestingPatientService_Test","ExecutorUri":"executor://NUnit3TestExecutor","Source":"C:\\Users\\VC\\Desktop\\New folder\\git_push\\Genspark_Training\\Day10\\DoctorClinic\\DoctorClinicInterfaceSolution\\DoctorClinicBLLTest\\bin\\Debug\\net6.0\\fine-code-coverage\\build-output\\DoctorClinicBLLTest.dll","CodeFilePath":null,"LineNumber":0,"Properties":[{"Key":{"Id":"NUnit.Seed","Label":"Seed","Category":"","Description":"","Attributes":0,"ValueType":"System.String"},"Value":"995937353"}]},"Attachments":[],"Outcome":2,"ErrorMessage":"System.NullReferenceException : Object reference not set to an instance of an object.","ErrorStackTrace":"   at DoctorClinicBLLTest.TestingPatientClinicBLL.TestingPatientService_Test() in C:\\Users\\VC\\Desktop\\New folder\\git_push\\Genspark_Training\\Day10\\DoctorClinic\\DoctorClinicInterfaceSolution\\DoctorClinicBLLTest\\PatientTest.cs:line 34\n","DisplayName":"TestingPatientService_Test","Messages":[],"ComputerName":"DESKTOP-O0O5K9B","Duration":"00:00:00.0031300","StartTime":"2024-04-24T06:10:37.0703791+00:00","EndTime":"2024-04-24T06:10:37.0735084+00:00","Properties":[{"Key":{"Id":"NUnit.Seed","Label":"Seed","Category":"","Description":"","Attributes":0,"ValueType":"System.String"},"Value":"995937353"}]}],"TestRunStatistics":{"ExecutedTests":3,"Stats":{"Failed":2,"Passed":1}},"ActiveTests":[]},"RunAttachments":[],"ExecutorUris":["executor://nunit3testexecutor/"]}}
TpTrace Verbose: 0 : 14080, 13, 2024/04/24, 11:40:37.175, 3316074624790, vstest.console.dll, TestRequestSender.EndSession: Sending end session.
TpTrace Verbose: 0 : 14080, 13, 2024/04/24, 11:40:37.175, 3316074627074, vstest.console.dll, ProxyOperationManager.Close: waiting for test host to exit for 100 ms
TpTrace Verbose: 0 : 14080, 11, 2024/04/24, 11:40:37.251, 3316075380371, vstest.console.dll, TestHostManagerCallbacks.ctor: Experimental forwarding output is disabled.
TpTrace Warning: 0 : 14080, 11, 2024/04/24, 11:40:37.251, 3316075382146, vstest.console.dll, TestHostManagerCallbacks.ErrorReceivedCallback Test host standard error line: 
TpTrace Verbose: 0 : 14080, 11, 2024/04/24, 11:40:37.259, 3316075466617, vstest.console.dll, TestHostProvider.ExitCallBack: Host exited starting callback.
TpTrace Information: 0 : 14080, 11, 2024/04/24, 11:40:37.259, 3316075468511, vstest.console.dll, TestHostManagerCallbacks.ExitCallBack: Testhost processId: 15188 exited with exitcode: 0 error: ''
TpTrace Verbose: 0 : 14080, 11, 2024/04/24, 11:40:37.259, 3316075468855, vstest.console.dll, DotnetTestHostManager.OnHostExited: invoking OnHostExited callback
TpTrace Verbose: 0 : 14080, 11, 2024/04/24, 11:40:37.259, 3316075469351, vstest.console.dll, CrossPlatEngine.TestHostManagerHostExited: calling on client process exit callback.
TpTrace Information: 0 : 14080, 11, 2024/04/24, 11:40:37.260, 3316075469784, vstest.console.dll, TestRequestSender.OnClientProcessExit: Test host process exited. Standard error: 
TpTrace Information: 0 : 14080, 11, 2024/04/24, 11:40:37.260, 3316075470084, vstest.console.dll, SocketServer.Stop: Stop server endPoint: 127.0.0.1:63506
TpTrace Information: 0 : 14080, 11, 2024/04/24, 11:40:37.260, 3316075470282, vstest.console.dll, SocketServer.Stop: Cancellation requested. Stopping message loop.
TpTrace Information: 0 : 14080, 13, 2024/04/24, 11:40:37.260, 3316075470281, vstest.console.dll, SocketServer.Stop: Stop server endPoint: 127.0.0.1:63506
TpTrace Information: 0 : 14080, 13, 2024/04/24, 11:40:37.260, 3316075471143, vstest.console.dll, SocketServer.Stop: Cancellation requested. Stopping message loop.
TpTrace Verbose: 0 : 14080, 11, 2024/04/24, 11:40:37.260, 3316075471212, vstest.console.dll, MulticastDelegateUtilities.SafeInvoke: HostProviderEvents.OnHostExited: Invoking callback 1/1 for Microsoft.VisualStudio.TestPlatform.CrossPlatEngine.Client.ProxyOperationManager., took 0 ms.
TpTrace Information: 0 : 14080, 13, 2024/04/24, 11:40:37.260, 3316075471826, vstest.console.dll, Closing the connection
TpTrace Verbose: 0 : 14080, 13, 2024/04/24, 11:40:37.260, 3316075475942, vstest.console.dll, ProxyDataCollectionManager.InvokeDataCollectionServiceAction: Starting.
TpTrace Information: 0 : 14080, 13, 2024/04/24, 11:40:37.260, 3316075476684, vstest.console.dll, ProxyDataCollectionManager.AfterTestRunEnd: Get attachment set and invoked data collectors processId: 16132 port: 63503
TpTrace Verbose: 0 : 14080, 13, 2024/04/24, 11:40:37.260, 3316075477448, vstest.console.dll, DataCollectionRequestSender.SendAfterTestRunStartAndGetResult: Send AfterTestRunEnd message with isCancelled: False
TpTrace Verbose: 0 : 14080, 13, 2024/04/24, 11:40:37.268, 3316075556253, vstest.console.dll, DataCollectionRequestSender.SendAfterTestRunStartAndGetResult: Received message: (DataCollection.AfterTestRunEndResult) -> {"MessageType":"DataCollection.AfterTestRunEndResult","Payload":{"AttachmentSets":[],"InvokedDataCollectors":[{"Uri":"datacollector://Microsoft/TestPlatform/Extensions/Blame/v1","FriendlyName":"Blame","AssemblyQualifiedName":"Microsoft.TestPlatform.Extensions.BlameDataCollector.BlameCollector, Microsoft.TestPlatform.Extensions.BlameDataCollector, Version=15.0.0.0, Culture=neutral, PublicKeyToken=b03f5f7f11d50a3a","FilePath":"C:\\Program Files\\dotnet\\sdk\\8.0.204\\Extensions\\Microsoft.TestPlatform.Extensions.BlameDataCollector.dll","HasAttachmentProcessor":false}],"Metrics":{}}}
TpTrace Information: 0 : 14080, 13, 2024/04/24, 11:40:37.283, 3316075708499, vstest.console.dll, ProxyDataCollectionManager.InvokeDataCollectionServiceAction: Completed.
TpTrace Warning: 0 : 14080, 10, 2024/04/24, 11:40:37.288, 3316075751626, vstest.console.dll, DataCollectionLauncher.ErrorReceivedCallback datacollector standard error line: 
TpTrace Information: 0 : 14080, 10, 2024/04/24, 11:40:37.299, 3316075860515, vstest.console.dll, DataCollectionLauncher.ExitCallBack: Data collector exited with exitcode: 0 error: ''
TpTrace Verbose: 0 : 14080, 13, 2024/04/24, 11:40:37.349, 3316076361059, vstest.console.dll, TestRunRequest:SendTestRunStatsChange: Starting.
TpTrace Verbose: 0 : 14080, 13, 2024/04/24, 11:40:37.349, 3316076363857, vstest.console.dll, MulticastDelegateUtilities.SafeInvoke: TestRun.RunStatsChanged: Invoking callbacks was skipped because there are no subscribers.
TpTrace Information: 0 : 14080, 13, 2024/04/24, 11:40:37.349, 3316076364348, vstest.console.dll, TestRunRequest:SendTestRunStatsChange: Completed.
TpTrace Verbose: 0 : 14080, 13, 2024/04/24, 11:40:37.350, 3316076371066, vstest.console.dll, ParallelProxyExecutionManager: HandlePartialRunComplete: Total workloads = 1, Total started clients = 1 Total completed clients = 1, Run complete = True, Run canceled: False.
TpTrace Verbose: 0 : 14080, 13, 2024/04/24, 11:40:37.350, 3316076371701, vstest.console.dll, ParallelProxyExecutionManager: HandlePartialRunComplete: All runs completed stopping all managers.
TpTrace Verbose: 0 : 14080, 13, 2024/04/24, 11:40:37.350, 3316076372006, vstest.console.dll, ParallelOperationManager.StopAllManagers: Stopping all managers.
TpTrace Verbose: 0 : 14080, 13, 2024/04/24, 11:40:37.350, 3316076372253, vstest.console.dll, ParallelOperationManager.ClearSlots: Clearing all slots. Slots should accept more work: False
TpTrace Verbose: 0 : 14080, 13, 2024/04/24, 11:40:37.350, 3316076372702, vstest.console.dll, ParallelOperationManager.SetOccupiedSlotCount: Setting slot counts AvailableSlotCount = 1, OccupiedSlotCount = 0.
TpTrace Verbose: 0 : 14080, 13, 2024/04/24, 11:40:37.350, 3316076373104, vstest.console.dll, Occupied slots:

TpTrace Verbose: 0 : 14080, 4, 2024/04/24, 11:40:37.351, 3316076383773, vstest.console.dll, MulticastDelegateUtilities.SafeInvoke: InternalTestLoggerEvents.SendTestResult: Invoking callback 1/1 for Microsoft.VisualStudio.TestPlatform.CommandLine.Internal.ConsoleLogger., took 1 ms.
TpTrace Verbose: 0 : 14080, 4, 2024/04/24, 11:40:37.351, 3316076387419, vstest.console.dll, MulticastDelegateUtilities.SafeInvoke: InternalTestLoggerEvents.SendTestResult: Invoking callback 1/1 for Microsoft.VisualStudio.TestPlatform.CommandLine.Internal.ConsoleLogger., took 0 ms.
TpTrace Verbose: 0 : 14080, 4, 2024/04/24, 11:40:37.351, 3316076389080, vstest.console.dll, MulticastDelegateUtilities.SafeInvoke: InternalTestLoggerEvents.SendTestResult: Invoking callback 1/1 for Microsoft.VisualStudio.TestPlatform.CommandLine.Internal.ConsoleLogger., took 0 ms.
TpTrace Verbose: 0 : 14080, 4, 2024/04/24, 11:40:37.357, 3316076445124, vstest.console.dll, MulticastDelegateUtilities.SafeInvoke: InternalTestLoggerEvents.SendTestRunComplete: Invoking callback 1/2 for Microsoft.TestPlatform.Extensions.BlameDataCollector.BlameLogger., took 0 ms.
TpTrace Verbose: 0 : 14080, 4, 2024/04/24, 11:40:37.363, 3316076503160, vstest.console.dll, MulticastDelegateUtilities.SafeInvoke: InternalTestLoggerEvents.SendTestRunComplete: Invoking callback 2/2 for Microsoft.VisualStudio.TestPlatform.CommandLine.Internal.ConsoleLogger., took 5 ms.
TpTrace Verbose: 0 : 14080, 13, 2024/04/24, 11:40:37.364, 3316076509830, vstest.console.dll, TestRunRequest:TestRunComplete: Starting. IsAborted:False IsCanceled:False.
TpTrace Verbose: 0 : 14080, 13, 2024/04/24, 11:40:37.364, 3316076513152, vstest.console.dll, ParallelOperationManager.DoActionOnAllManagers: Calling an action on all managers.
TpTrace Verbose: 0 : 14080, 13, 2024/04/24, 11:40:37.367, 3316076545255, vstest.console.dll, TestLoggerManager.HandleTestRunComplete: Ignoring as the object is disposed.
TpTrace Verbose: 0 : 14080, 13, 2024/04/24, 11:40:37.368, 3316076549605, vstest.console.dll, MulticastDelegateUtilities.SafeInvoke: TestRun.TestRunComplete: Invoking callback 1/2 for Microsoft.VisualStudio.TestPlatform.CommandLine.TestRunResultAggregator., took 0 ms.
TpTrace Verbose: 0 : 14080, 13, 2024/04/24, 11:40:37.368, 3316076551025, vstest.console.dll, MulticastDelegateUtilities.SafeInvoke: TestRun.TestRunComplete: Invoking callback 2/2 for Microsoft.VisualStudio.TestPlatform.CommandLine.Processors.RunTestsArgumentExecutor+TestRunRequestEventsRegistrar., took 0 ms.
TpTrace Information: 0 : 14080, 13, 2024/04/24, 11:40:37.368, 3316076552129, vstest.console.dll, TestRunRequest:TestRunComplete: Completed.
TpTrace Verbose: 0 : 14080, 13, 2024/04/24, 11:40:37.368, 3316076552470, vstest.console.dll, TestRequestSender.SetOperationComplete: Setting operation complete.
TpTrace Information: 0 : 14080, 13, 2024/04/24, 11:40:37.368, 3316076552697, vstest.console.dll, SocketServer.Stop: Stop server endPoint: 127.0.0.1:63506
TpTrace Information: 0 : 14080, 13, 2024/04/24, 11:40:37.368, 3316076552895, vstest.console.dll, SocketServer.Stop: Cancellation requested. Stopping message loop.
TpTrace Verbose: 0 : 14080, 1, 2024/04/24, 11:40:37.368, 3316076553078, vstest.console.dll, TestRunRequest.Dispose: Starting.
TpTrace Verbose: 0 : 14080, 13, 2024/04/24, 11:40:37.368, 3316076553169, vstest.console.dll, MulticastDelegateUtilities.SafeInvoke: LengthPrefixCommunicationChannel: MessageReceived: Invoking callback 1/1 for Microsoft.VisualStudio.TestPlatform.CommunicationUtilities.TestRequestSender+<>c__DisplayClass34_0., took 193 ms.
TpTrace Information: 0 : 14080, 1, 2024/04/24, 11:40:37.368, 3316076554365, vstest.console.dll, TestRunRequest.Dispose: Completed.
TpTrace Information: 0 : 14080, 13, 2024/04/24, 11:40:37.368, 3316076554903, vstest.console.dll, SocketServer.PrivateStop: Stopping server endPoint: 127.0.0.1:63506 error: 
TpTrace Information: 0 : 14080, 1, 2024/04/24, 11:40:37.368, 3316076555125, vstest.console.dll, TestRequestManager.RunTests: run tests completed.
TpTrace Information: 0 : 14080, 1, 2024/04/24, 11:40:37.368, 3316076555691, vstest.console.dll, RunTestsArgumentProcessor:Execute: Test run is completed.
TpTrace Verbose: 0 : 14080, 1, 2024/04/24, 11:40:37.368, 3316076557822, vstest.console.dll, Executor.Execute: Exiting with exit code of 1
TpTrace Verbose: 0 : 14080, 13, 2024/04/24, 11:40:37.369, 3316076559628, vstest.console.dll, LengthPrefixCommunicationChannel.Dispose: Dispose reader and writer.
TpTrace Information: 0 : 14080, 13, 2024/04/24, 11:40:37.369, 3316076560261, vstest.console.dll, SocketServer.Stop: Raise disconnected event endPoint: 127.0.0.1:63506 error: 
TpTrace Verbose: 0 : 14080, 13, 2024/04/24, 11:40:37.369, 3316076561515, vstest.console.dll, TestRequestSender: OnTestRunAbort: Operation is already complete. Skip error message.
TpTrace Verbose: 0 : 14080, 13, 2024/04/24, 11:40:37.369, 3316076562248, vstest.console.dll, MulticastDelegateUtilities.SafeInvoke: SocketServer: ClientDisconnected: Invoking callback 1/1 for Microsoft.VisualStudio.TestPlatform.CommunicationUtilities.TestRequestSender., took 0 ms.
TpTrace Verbose: 0 : 14080, 13, 2024/04/24, 11:40:37.369, 3316076562502, vstest.console.dll, TcpClientExtensions.MessageLoopAsync: exiting MessageLoopAsync remoteEndPoint: 127.0.0.1:63507 localEndPoint: 127.0.0.1:63506
